500
1 5906 5976
2 8777 381
3 5906 1796
4 8777 255
5 8777 1360
6 5906 2682
7 8777 364
8 8777 401
9 5906 7627
10 8777 2579
11 5906 14
12 9151 174
13 5906 3785
14 8777 1144
15 5906 440
16 8777 397
17 8777 128
18 5906 2701
19 5906 4133
20 5906 1081
21 9526 18
22 2556 1255
23 5906 5042
24 8777 405
25 9094 415
26 5906 2780
27 5906 617
28 5906 275
29 5986 2499
30 8777 1296
31 5906 2289
32 5906 7353
33 8777 1400
34 5906 935
35 5906 3559
36 8995 88
37 8777 254
38 7526 511
39 9387 336
40 5906 3282
41 5906 6083
42 5906 776
43 8777 1078
44 5906 4065
45 9755 125
46 8777 582
47 5906 3171
48 8777 338
49 5906 5181
50 5906 1355
51 8777 1126
52 5906 1286
53 8777 357
54 8777 892
55 8707 328
56 7526 459
57 5906 2332
58 8777 50
59 5906 4017
60 5906 1969
61 5906 1081
62 2221 2139
63 5906 90
64 5906 3687
65 8777 1154
66 5906 421
67 9151 388
68 9094 232
69 5906 103
70 2221 3934
71 8777 171
72 8777 1673
73 5906 968
74 9928 105
75 9509 92
76 8479 1604
77 5906 2227
78 5811 232
79 5906 4675
80 5906 1095
81 5906 4581
82 9638 81
83 8777 1228
84 5906 4270
85 8777 1964
86 5906 590
87 5906 2316
88 5906 2579
89 8777 712
90 9387 9
91 2221 2155
92 5906 1435
93 9638 223
94 5906 755
95 9220 31
96 9094 293
97 5906 4727
98 9755 8
99 5906 2310
100 9094 484
101 2221 10
102 5906 10
103 5906 10
104 2221 10
105 5721 10
106 5906 10
107 5906 10
108 5906 10
109 5906 10
110 5906 10
111 5906 10
112 2221 10
113 5906 10
114 2221 10
115 2221 10
116 5906 10
117 2221 10
118 5906 10
119 5906 10
120 5906 10
121 5906 10
122 2221 10
123 5906 10
124 5199 10
125 5906 10
126 5906 10
127 5906 10
128 2221 10
129 5906 10
130 5351 10
131 122 10
132 5906 10
133 5906 10
134 5906 10
135 5906 10
136 2221 10
137 5906 10
138 5351 10
139 5906 10
140 5906 10
141 5906 10
142 5351 10
143 5906 10
144 5906 10
145 2221 10
146 5906 10
147 2221 10
148 5521 10
149 5906 10
150 2221 10
151 5906 10
152 2221 10
153 2221 10
154 5906 10
155 5906 10
156 2221 10
157 5906 10
158 2221 10
159 5906 10
160 5721 10
161 5906 10
162 2221 10
163 5906 10
164 5906 10
165 5906 10
166 2221 10
167 216 10
168 2221 10
169 5906 10
170 5906 10
171 2221 10
172 5906 10
173 5906 10
174 216 10
175 2221 10
176 58 10
177 2221 10
178 5906 10
179 482 10
180 5672 10
181 5906 10
182 2221 10
183 5906 10
184 5885 10
185 2221 10
186 5906 10
187 5906 10
188 5351 10
189 5906 10
190 5906 10
191 5906 10
192 216 10
193 5906 10
194 5906 10
195 5906 10
196 5906 10
197 5906 10
198 5906 10
199 5351 10
200 5906 10
201 5906 10
202 5906 10
203 5906 10
204 2221 10
205 5906 10
206 5906 10
207 5906 10
208 5906 10
209 5311 10
210 2221 10
211 2221 10
212 2221 10
213 2221 10
214 5906 10
215 5906 10
216 5906 10
217 5906 10
218 5351 10
219 5906 10
220 5906 10
221 5906 10
222 5906 10
223 5906 10
224 5811 10
225 2556 10
226 5351 10
227 2221 10
228 5906 10
229 5906 10
230 2221 10
231 5906 10
232 5906 10
233 5906 10
234 5906 10
235 5906 10
236 5906 10
237 5906 10
238 5811 10
239 5906 10
240 5906 10
241 2221 10
242 5906 10
243 5906 10
244 5630 10
245 5906 10
246 5906 10
247 5906 10
248 2221 10
249 5223 10
250 5906 10
251 5906 10
252 5906 10
253 5906 10
254 2221 10
255 5906 10
256 5906 10
257 5906 10
258 5454 10
259 5906 10
260 2221 10
261 5203 10
262 5506 10
263 5906 10
264 5906 10
265 5906 10
266 2221 10
267 5906 10
268 5906 10
269 5906 10
270 5906 10
271 5906 10
272 2221 10
273 5906 10
274 5906 10
275 2221 10
276 5906 10
277 415 10
278 156 10
279 5906 10
280 5906 10
281 2221 10
282 5906 10
283 5906 10
284 5906 10
285 5553 10
286 5223 10
287 5906 10
288 5906 10
289 5906 10
290 5721 10
291 2221 10
292 2221 10
293 5906 10
294 5906 10
295 5906 10
296 5906 10
297 5906 10
298 5630 10
299 2221 10
300 5906 10
301 5906 10
302 5906 10
303 5906 10
304 5906 10
305 5906 10
306 5906 10
307 482 10
308 5835 10
309 2221 10
310 5906 10
311 5906 10
312 5906 10
313 5906 10
314 5906 10
315 2221 10
316 5906 10
317 5906 10
318 5906 10
319 5906 10
320 5906 10
321 5835 10
322 5906 10
323 2221 10
324 5906 10
325 5906 10
326 5351 10
327 415 10
328 5906 10
329 2221 10
330 5521 10
331 2221 10
332 5351 10
333 5906 10
334 5906 10
335 2221 10
336 5906 10
337 5906 10
338 5906 10
339 5906 10
340 2221 10
341 122 10
342 5906 10
343 5906 10
344 5906 10
345 5906 10
346 2221 10
347 2221 10
348 5906 10
349 5906 10
350 5906 10
351 5276 10
352 5906 10
353 216 10
354 2221 10
355 5906 10
356 5906 10
357 5906 10
358 5906 10
359 2221 10
360 2221 10
361 5906 10
362 5906 10
363 5906 10
364 5906 10
365 5906 10
366 5906 10
367 2221 10
368 156 10
369 5906 10
370 5906 10
371 2221 10
372 2221 10
373 2221 10
374 5906 10
375 2221 10
376 5553 10
377 5906 10
378 482 10
379 5906 10
380 5906 10
381 5492 10
382 2221 10
383 2221 10
384 5906 10
385 5906 10
386 58 10
387 5906 10
388 2221 10
389 5906 10
390 5906 10
391 2221 10
392 5906 10
393 5906 10
394 216 10
395 5906 10
396 415 10
397 5835 10
398 5811 10
399 5906 10
400 5906 10
401 2221 10
402 5906 10
403 5906 10
404 2221 10
405 5351 10
406 5906 10
407 5906 10
408 5906 10
409 5223 10
410 5906 10
411 5906 10
412 5906 10
413 5906 10
414 5340 10
415 5906 10
416 5906 10
417 2221 10
418 5906 10
419 5672 10
420 5906 10
421 2221 10
422 5906 10
423 482 10
424 5906 10
425 2221 10
426 5906 10
427 5906 10
428 282 10
429 5906 10
430 5906 10
431 482 10
432 5906 10
433 5906 10
434 5906 10
435 482 10
436 5906 10
437 282 10
438 5906 10
439 32 10
440 5906 10
441 5906 10
442 5906 10
443 5351 10
444 482 10
445 5906 10
446 5906 10
447 5906 10
448 5454 10
449 5906 10
450 2556 10
451 5906 10
452 5906 10
453 2556 10
454 5906 10
455 5906 10
456 5351 10
457 2221 10
458 5906 10
459 5906 10
460 2221 10
461 5203 10
462 5906 10
463 5906 10
464 5906 10
465 5906 10
466 5906 10
467 5906 10
468 2221 10
469 2221 10
470 5906 10
471 5906 10
472 156 10
473 5906 10
474 415 10
475 5906 10
476 5906 10
477 58 10
478 5906 10
479 5906 10
480 122 10
481 5906 10
482 216 10
483 5906 10
484 5906 10
485 5906 10
486 282 10
487 5906 10
488 5906 10
489 5835 10
490 2221 10
491 5906 10
492 5906 10
493 2221 10
494 5906 10
495 5906 10
496 5906 10
497 5906 10
498 2221 10
499 2221 10
500 5906 10