100
1 278 97
2 796 140
3 278 134
4 733 61
5 8 82
6 674 355
7 753 8
8 697 538
9 706 177
10 992 5
11 697 7
12 633 79
13 588 204
14 981 23
15 796 54
16 697 76
17 278 268
18 697 231
19 697 417
20 825 116
21 633 10
22 697 10
23 697 10
24 697 10
25 697 10
26 666 10
27 588 10
28 278 10
29 697 10
30 697 10
31 697 10
32 697 10
33 278 10
34 697 10
35 278 10
36 697 10
37 697 10
38 697 10
39 697 10
40 278 10
41 621 10
42 697 10
43 278 10
44 278 10
45 633 10
46 697 10
47 607 10
48 55 10
49 621 10
50 278 10
51 278 10
52 278 10
53 697 10
54 278 10
55 697 10
56 697 10
57 697 10
58 697 10
59 278 10
60 697 10
61 3 10
62 278 10
63 697 10
64 697 10
65 17 10
66 697 10
67 633 10
68 697 10
69 674 10
70 278 10
71 278 10
72 8 10
73 278 10
74 697 10
75 55 10
76 697 10
77 278 10
78 697 10
79 697 10
80 697 10
81 697 10
82 278 10
83 278 10
84 697 10
85 34 10
86 697 10
87 278 10
88 697 10
89 278 10
90 697 10
91 697 10
92 278 10
93 633 10
94 697 10
95 697 10
96 633 10
97 278 10
98 697 10
99 697 10
100 17 10