200
1 5954 4967
2 9028 217
3 9686 89
4 8367 238
5 9028 677
6 5954 341
7 9141 300
8 5954 483
9 9186 188
10 5954 1161
11 5954 5180
12 5954 6154
13 5954 5145
14 5806 91
15 5954 1454
16 5954 4762
17 5954 4082
18 5954 2522
19 5954 6825
20 9141 35
21 9141 598
22 5954 2941
23 5954 2748
24 9875 85
25 9028 479
26 5954 615
27 9028 761
28 5954 2094
29 5954 3176
30 9028 132
31 2699 487
32 6012 586
33 9028 195
34 5954 2839
35 9830 111
36 9028 497
37 9375 69
38 9686 57
39 5954 2714
40 9028 1160
41 5954 10
42 5167 10
43 5568 10
44 5588 10
45 2699 10
46 5954 10
47 2699 10
48 5954 10
49 5954 10
50 5954 10
51 548 10
52 5520 10
53 53 10
54 2699 10
55 2699 10
56 2699 10
57 5954 10
58 2699 10
59 2699 10
60 5954 10
61 5954 10
62 5954 10
63 2699 10
64 5167 10
65 5954 10
66 2699 10
67 5954 10
68 5849 10
69 5954 10
70 5954 10
71 2699 10
72 2699 10
73 5954 10
74 5954 10
75 132 10
76 473 10
77 5954 10
78 5954 10
79 5954 10
80 5954 10
81 2699 10
82 53 10
83 5954 10
84 5568 10
85 5954 10
86 5954 10
87 5954 10
88 5954 10
89 5954 10
90 5954 10
91 5954 10
92 5954 10
93 5954 10
94 5954 10
95 5954 10
96 5954 10
97 5954 10
98 5954 10
99 346 10
100 630 10
101 5954 10
102 5428 10
103 5954 10
104 5954 10
105 5954 10
106 5699 10
107 5588 10
108 5954 10
109 2699 10
110 5954 10
111 5954 10
112 5304 10
113 5954 10
114 5954 10
115 630 10
116 473 10
117 5954 10
118 53 10
119 5954 10
120 5954 10
121 2699 10
122 5849 10
123 5304 10
124 630 10
125 5245 10
126 5954 10
127 2699 10
128 346 10
129 5954 10
130 5954 10
131 5806 10
132 5954 10
133 5954 10
134 630 10
135 5167 10
136 5954 10
137 5954 10
138 5954 10
139 5954 10
140 5954 10
141 5954 10
142 5954 10
143 5954 10
144 5137 10
145 84 10
146 5520 10
147 5329 10
148 2699 10
149 5954 10
150 5954 10
151 5954 10
152 5954 10
153 5954 10
154 5954 10
155 5954 10
156 5954 10
157 5954 10
158 5954 10
159 5954 10
160 346 10
161 107 10
162 5954 10
163 5954 10
164 2699 10
165 2699 10
166 5954 10
167 5954 10
168 5520 10
169 5954 10
170 2699 10
171 5954 10
172 5329 10
173 2699 10
174 5954 10
175 5954 10
176 5954 10
177 5954 10
178 5849 10
179 5954 10
180 5954 10
181 5954 10
182 5954 10
183 2699 10
184 5849 10
185 5954 10
186 5954 10
187 5304 10
188 5954 10
189 5428 10
190 5954 10
191 5954 10
192 5954 10
193 5954 10
194 5954 10
195 5588 10
196 5954 10
197 5954 10
198 5954 10
199 5954 10
200 5954 10