200
1 2973 10 2954 10 3003 10 2943 10 2876 10 2955 10 2881 10 2874 10 2970 10 2956 10 3103 10 3104 10 2983 10 3078 10 3030 10 2962 10 2964 10 2883 10 2910 10 2891 10 3070 10 3164 10 2993 10 3020 10 2966 10 2858 10 3170 10 2787 10 2947 10 2982 10 2859 10 3140 10 2873 10 2852 10 3231 10 2960 10 3085 10 2830 10 2997 10 3120 10 2936 10 2924 10 2853 10 3124 10 3071 10 2975 10 2935 10 2932 10 3016 10 3177 10 3111 10 2867 10 2930 2
2 4584 10 4482 10 4564 10 4499 10 4585 10 4475 10 4608 10 4533 10 4478 10 3648 10 4535 10 4487 10 3636 10 4598 10 4610 10 4468 10 4393 10 4389 10 4368 10 4668 10 4624 10 4741 10 4784 10 4680 9
3 4374 10 4395 10 4397 10 4377 10 4417 10 4451 10 4293 10 4294 10 4440 10 4346 10 4449 10 4423 10 4439 10 4401 10 4433 10 4371 10 4460 10 4298 10 4325 10 4418 10 4352 10 3648 10 4339 10 4421 1
4 4613 10 4225 10 4336 10 4443 10 4606 10 4172 10 4258 10 4187 10 4555 10 4188 10 4219 10 4427 10 4387 10 4163 10 4321 10 4492 10 4182 10 4327 10 4363 10 4204 10 4486 10 4136 10 4207 10 4189 10 4167 10 4545 10 4329 10 4394 10 4138 10 4238 10 4560 10 4530 10 4438 10 4420 10 4386 10 4264 10 4544 10 4164 10 4379 10 4571 10 4134 10 4318 10 4500 10 4362 10 4383 10 4295 10 4489 10 4369 10 3860 10 4361 10 3911 10 4442 10 4464 10 4311 10 4322 10 4357 10 4343 10 4300 10 4286 10 4283 10 4413 10 4349 10 4128 10 4281 10 4491 10 4538 10 4083 10 3982 10 4277 10 4324 10 3971 10 4148 10 3808 10 4031 10 4209 10 4505 10 4104 10 4485 10 4271 10 4278 10 4034 10 4205 10 4206 10 4242 10 4018 10 4132 10 4251 10 4466 10 4081 10 3855 10 4129 10 4501 10 4247 10 4617 10 4093 10 4166 10 4149 10 4403 10 3572 10 4272 10 4168 10 3733 10 3681 10 3659 10 4249 10 4123 10 4402 10 4234 10 3750 10 3908 10 4142 10 4260 10 4409 10 4213 10 3479 10 4448 10 3662 10 3985 10 4048 10 4337 10 4541 10 4299 10 3939 10 3533 10 3340 10 3396 10 3468 10 3563 10 3890 10 3253 10 4549 10 3282 10 3233 10 3362 10 3412 10 4005 10 3645 10 3260 10 3472 10 4554 10 3398 10 3211 10 3392 10 3523 10 4603 10 3465 10 3620 10 4582 10 4276 10 3199 10 3411 10 3344 10 3254 10 4462 10 3881 10 4143 10 3812 10 4089 10 4115 10 3623 10 4000 10 4137 10 4280 10 3740 10 4404 10 4285 10 3580 10 4044 10 4074 10 4319 10 4472 10 3714 10 3892 10 4317 10 3776 10 4066 10 3288 10 3941 10 3230 10 3665 10 3927 10 3461 10 4100 10 3373 10 4578 10 3934 10 3366 10 3444 10 3884 10 4517 10 3427 10 3973 10 4262 10 4370 10 3920 10 3353 10 4181 10 3227 10 4504 10 3966 10 4119 10 4197 10 3354 10 3272 10 3316 10 4236 10 3464 10 4080 10 3956 10 3489 10 4109 10 4297 10 4110 10 4199 10 3176 10 3436 10 4263 10 3365 10 4274 10 3349 10 3424 10 3832 10 4416 10 3433 10 3492 1
5 85 10 132 10 83 10 82 10 74 10 196 10 108 10 3400 10 3418 10 114 10 3559 10 3152 10 3802 10 3286 10 3743 10 3252 10 3488 10 3452 10 3574 10 3300 10 3469 10 3391 10 3333 10 3404 10 3329 10 3259 10 3149 10 3496 10 3324 10 179 10 3315 10 3460 10 3369 10 3417 10 3613 10 3815 10 2690 10 3319 10 3687 10 2845 10 3446 10 2812 10 3414 10 3428 10 3840 10 3674 10 2817 10 2969 10 3053 10 3242 10 3447 10 2834 10 3345 10 3727 10 3305 10 3587 10 2775 10 3173 10 3368 10 2761 10 2899 10 3155 10 73 10 3317 10 3302 10 3072 10 3382 10 2793 10 3247 10 3609 10 3637 10 3358 10 3185 10 3083 10 3607 10 154 10 3269 10 2918 10 3618 10 3295 10 3312 10 2666 10 2783 10 2770 10 2893 10 3015 10 3357 10 3657 10 3528 10 2760 10 2751 10 2981 10 3337 10 3388 10 3484 10 3025 10 3475 10 3584 10 89 10 3375 10 115 10 2898 10 3275 10 2769 10 3299 10 3736 10 2689 10 2884 10 3568 10 2716 10 3195 10 3668 10 107 10 3537 10 3555 10 2912 10 3466 10 3483 10 91 10 3216 10 3819 10 2617 10 3385 10 3092 10 2747 10 3280 10 3767 10 2815 10 3147 10 3507 10 2856 10 3495 10 141 10 3161 10 3493 10 3600 10 3553 10 3612 10 95 10 2727 10 3298 10 2950 10 3456 10 3232 10 3219 10 3138 10 3389 10 3482 10 3640 10 3593 10 3780 10 2989 10 3755 10 3012 10 3236 10 3689 10 3064 10 3308 10 2870 10 3372 10 189 10 3291 10 3330 10 3201 10 3381 10 3546 10 2784 10 3700 10 265 10 2888 10 3086 10 3321 10 2626 10 3540 10 214 10 3303 10 3325 10 3278 10 3314 10 3516 10 138 6
6 4338 10 4305 10 4335 10 4326 10 4293 10 4294 10 4228 10 4346 10 4298 10 4325 10 4352 10 4339 10 4270 10 4309 10 4152 10 4240 10 4307 10 4304 10 4017 10 4183 10 4226 10 4340 10 4268 10 4091 10 3926 10 4267 10 4292 10 4273 10 4042 10 4330 10 4313 10 4296 10 4243 10 4282 2
7 2973 10 2954 10 3003 10 2943 10 2955 10 2881 10 2874 10 2970 10 2956 10 3103 10 3104 10 2983 10 3078 10 3030 10 2962 10 2964 10 2883 10 2910 10 2891 10 3070 10 3164 10 2993 10 3020 10 2966 10 2858 10 3170 10 2947 10 2982 10 2859 10 3140 10 2873 10 2852 10 2960 10 3085 10 2830 10 2997 10 3120 10 2936 10 2924 10 2853 10 3124 10 3071 10 2975 10 2935 10 2932 10 3016 10 3177 10 3111 10 2867 10 2930 10 3106 10 3076 10 2808 10 2813 10 3127 10 2871 10 2878 10 3075 10 3142 10 2985 10 2974 10 3148 10 3014 10 3009 10 2959 10 2882 10 2854 10 2911 10 3046 10 3132 10 2941 10 2721 10 2980 10 2940 10 2905 10 3008 10 3182 10 3042 10 3261 10 3135 10 3044 10 3017 10 3024 10 3039 10 3154 10 3213 10 3258 10 2991 10 2894 10 3153 10 3056 10 2753 10 2886 10 3163 10 2999 10 3118 10 3059 10 2913 10 2797 10 3133 10 2892 10 2902 1
8 4228 10 4270 10 4152 10 4240 10 4017 10 4183 10 4226 10 4268 10 4091 10 3926 10 4267 10 4273 10 4042 10 4243 10 4144 10 4223 10 4241 10 4259 10 4051 10 4227 10 4175 10 4150 6
9 4625 10 4641 10 4665 10 4697 10 4618 10 4635 10 4639 10 4711 10 4679 10 4769 10 4620 10 4614 10 4700 10 4751 2
10 4553 10 4557 10 4454 10 4479 10 4519 10 4525 10 4508 10 4503 10 4338 10 4483 10 4527 10 4537 10 4305 10 4576 10 4465 10 4512 10 4570 10 4374 10 4335 10 4593 10 4395 10 4473 10 4518 10 4528 10 4426 10 4397 10 4602 10 4595 10 4599 10 4477 10 4419 10 4751 10 4666 10 4634 10 4552 10 4659 10 4550 10 4587 10 4430 10 4605 10 4678 10 4326 10 4453 7
11 4516 10 4625 10 4553 10 4536 10 4557 10 4641 10 4519 10 4577 10 4665 10 4697 10 4574 10 4525 10 4508 10 4600 10 4618 10 4503 10 4572 10 4609 10 4527 6
12 4597 10 4626 10 4377 10 4580 10 4562 10 4539 10 4584 10 4482 10 4564 10 4449 10 4499 10 4423 10 4585 10 4439 10 4475 10 4401 10 4433 10 4371 10 4608 10 4460 10 4533 10 4418 10 4478 10 3648 10 4421 10 4535 10 4487 10 3636 10 4598 10 4610 10 4468 10 4393 10 4389 10 4368 10 4668 10 4624 10 4741 10 4784 10 4680 10 3518 10 4422 10 4691 10 4270 10 4794 10 4717 10 4367 10 4551 10 4705 10 4309 10 4410 10 4725 10 4651 10 4629 10 4776 10 4567 10 4240 10 4543 10 4777 10 4752 10 4677 10 4767 10 4441 10 4586 10 4461 10 4459 10 4467 10 4592 10 4307 10 4488 10 4304 10 4548 10 4388 10 4632 10 4481 10 4226 10 4340 10 4268 10 4474 10 4396 10 4594 10 4429 10 3529 10 4540 10 3598 10 4568 10 4267 10 4531 10 4583 10 4714 10 4292 10 4703 10 4788 10 4372 10 4431 10 4522 10 4513 10 4273 4
13 4797 10 4778 10 4699 10 4833 10 4631 10 4650 10 4803 10 4663 10 4622 10 4689 10 4873 10 4805 10 4530 10 4438 10 4802 10 4386 10 4264 10 4544 10 4684 10 4164 10 4379 10 4701 10 4571 10 4134 10 4318 10 4500 10 4362 10 4383 10 4819 10 4295 10 4489 10 4369 10 4361 10 4442 10 4464 10 4311 10 4322 10 4357 10 4343 10 4300 10 4683 10 4286 10 4283 10 4413 10 4349 10 4128 10 4281 10 4491 10 4538 10 4083 10 3982 10 4277 10 4324 10 3971 10 4148 10 4031 10 4209 10 4505 10 4104 10 4485 10 4271 10 4278 10 4034 10 4205 10 4206 10 4242 10 4673 10 4018 10 4132 10 4251 10 4466 10 4081 10 3855 10 4129 10 4865 10 4501 10 4247 10 4704 10 4617 10 4093 10 4166 10 4149 10 4403 10 4272 10 4168 10 4249 10 4123 10 4402 10 4234 10 4667 10 3908 10 4142 10 4260 10 4409 10 4747 10 4213 10 4773 10 4448 10 4871 10 3985 10 4048 10 4661 10 4337 10 4541 10 4299 10 3939 10 3468 10 3563 10 3890 10 4549 10 4698 10 4692 10 4005 10 3645 10 4730 10 3472 10 4554 10 3523 10 4740 10 4603 10 3465 10 4672 10 3620 10 4582 10 4687 10 4276 10 4462 10 3881 10 4143 10 4731 10 3812 10 4089 10 4115 10 3623 10 4000 10 4137 10 4280 10 3740 10 4404 10 4285 10 3580 10 4044 10 4074 10 4319 10 4472 10 3714 10 3892 10 4317 10 3776 10 4066 10 3941 10 3665 10 3927 10 4100 10 4578 10 4647 10 3934 10 4811 10 3884 10 4517 10 3973 10 4262 10 4636 10 4370 10 3920 10 4181 10 4504 10 3966 10 4119 10 4197 10 4236 10 3464 10 4080 10 3956 10 3489 10 4109 10 4297 10 4110 10 4795 10 4199 10 4263 10 3365 10 4274 10 4706 10 3349 10 3424 10 3832 10 4416 10 3433 10 3492 10 3189 10 3306 10 2693 10 4694 10 3450 10 3904 10 4425 10 4728 10 3202 10 3514 10 4105 10 3304 10 4656 10 2711 10 3141 10 3377 10 3664 10 2641 10 3350 10 4348 10 4359 10 3320 10 3874 10 4721 10 3356 10 3501 10 3997 10 4382 10 3451 10 4373 10 3326 10 2838 10 3188 10 4174 10 4210 10 2698 10 4121 10 4648 10 2625 10 3293 10 3301 10 2916 10 3376 10 3713 10 4630 10 2803 10 4832 10 3670 10 4269 10 3323 10 3753 10 3400 10 3418 10 4743 10 3559 10 4057 10 4707 10 3152 10 4575 10 4779 10 3802 10 3286 10 2706 10 3743 10 3252 10 4114 10 4160 10 2901 10 3488 10 4753 10 3452 10 4141 10 3079 10 3574 10 3300 10 3469 10 4061 10 4177 10 3391 10 4786 10 2832 10 3333 10 4745 10 2937 10 2746 10 3404 10 4135 10 4591 10 3329 10 3259 10 2634 10 4202 10 4139 10 3026 10 3149 10 3496 10 3324 10 3315 10 4239 10 3460 10 4854 10 4288 10 4790 10 4546 10 3369 10 3417 10 3613 10 3815 10 2690 10 3319 10 3687 10 3893 10 2845 10 3446 10 2812 10 3414 10 3428 10 3840 10 3921 10 3674 10 4067 10 4157 10 4079 10 4596 10 2817 10 2969 10 3053 10 3242 10 4799 10 4257 10 3447 10 3943 10 2834 10 3345 10 4391 4
14 4535 10 4487 10 3636 10 4598 10 4610 10 4468 10 4393 10 4389 10 4368 10 4668 10 4624 10 4680 10 3518 10 4422 10 4691 10 4717 10 4367 10 4551 10 4705 10 3491 10 4309 10 4410 10 4725 10 4651 10 4629 10 4567 10 3334 10 4543 10 4677 10 4441 2
15 4516 10 4553 10 4536 10 4557 10 4454 10 4479 10 4519 10 4577 10 4574 10 4525 10 4508 10 4600 10 4503 10 4572 10 4483 10 4527 10 4537 10 4576 10 4465 10 4512 10 4570 10 4593 10 4473 10 4518 10 4528 10 4426 10 4602 10 4595 10 4599 10 4477 10 4614 10 4700 10 4419 10 4751 10 4666 10 4634 10 4552 10 4659 10 4550 10 4587 10 4430 10 4605 10 4678 10 4453 10 4597 10 4626 10 4417 10 4580 10 4451 10 4440 10 4562 10 4539 2
16 1171 10 1107 10 1297 10 1364 10 1186 10 1282 10 1245 10 1221 10 1041 10 1193 10 1342 10 995 10 1163 10 1075 10 1326 10 1271 10 1115 10 1330 10 1287 10 1025 10 1294 10 1154 10 1201 10 1215 10 1003 10 1231 10 1044 10 1094 10 459 10 1187 10 1273 10 544 10 1004 10 1147 10 1247 10 1327 10 1179 10 1170 10 1234 10 1389 10 1172 10 1057 10 1190 10 1068 10 1280 10 1151 10 1357 10 1348 10 1195 10 1168 10 1005 10 1136 10 1099 10 1200 10 1226 10 1023 10 1259 10 1383 10 1130 10 1089 10 1243 10 475 10 990 10 1016 10 473 10 1049 10 550 10 1165 10 476 10 1331 10 1386 10 1268 10 951 10 1358 10 1123 10 1288 10 630 10 910 10 1184 10 1254 10 1153 10 1206 10 948 10 1278 10 568 10 1336 10 1135 10 1126 10 458 10 513 10 430 10 1110 10 1399 10 1010 10 1292 3
17 4577 10 4574 10 4600 10 4572 10 4609 10 4576 10 4635 10 4639 10 4711 10 4570 10 4593 10 4679 10 4769 10 4602 10 4595 10 4599 10 4620 8
18 2953 10 3169 10 2872 10 2862 10 3058 10 3237 10 3223 10 2914 10 3027 10 2977 10 3193 10 3196 10 2719 10 3203 10 3156 10 3250 10 3167 10 3116 10 2978 10 3265 10 3214 10 3197 10 3290 10 2814 10 3220 10 2828 10 2992 10 2995 10 2823 10 3198 10 2795 10 2740 10 3117 10 3091 10 3191 10 3089 10 3225 10 2971 10 3178 10 3208 10 2868 10 2934 10 3094 10 2754 10 2802 10 2885 10 2915 10 3239 10 3077 10 2909 10 2800 10 2833 10 2861 10 3066 10 2939 10 2887 10 3283 10 2749 10 3043 10 3048 10 2848 10 2903 10 2764 10 2921 10 3204 10 2869 10 3123 10 2942 10 3160 10 3251 10 2816 10 2933 10 3098 10 3136 10 2948 10 3074 10 3146 10 2825 10 2741 10 2774 10 2767 10 2824 10 3131 10 3222 10 3125 10 2952 10 3256 10 2880 10 3139 10 4381 10 4686 10 3021 10 2917 10 3031 10 4534 10 4507 10 3032 10 4642 10 3262 10 3294 10 3179 10 4458 10 4660 10 3023 10 4320 10 3105 10 3279 10 3200 10 4445 10 3018 10 4547 10 2994 1
19 4152 10 4017 10 4183 10 4091 10 3926 10 4042 10 4144 10 4051 10 4175 10 4150 10 4122 10 4120 10 3954 10 4161 10 4070 10 4063 10 4009 2
20 3106 10 3127 10 2878 10 3075 10 3142 10 2985 10 2974 10 3148 10 3014 10 3009 10 2959 10 2882 10 2854 10 2911 10 3046 10 3132 10 2941 10 2721 10 2980 10 2940 10 2905 10 3008 10 3182 10 3042 10 3135 10 3044 10 3017 10 3024 10 3039 10 3154 10 3213 10 2991 10 2894 10 3153 10 3056 10 2753 10 2886 10 3163 10 2999 10 3118 10 3059 10 2913 10 2797 10 3133 10 2892 10 2902 10 3082 10 3080 10 2895 10 3084 10 2890 10 2737 10 3281 10 2953 10 3169 10 2872 10 2862 10 3058 10 2699 10 3237 10 3223 10 2914 10 3027 10 2977 10 3193 10 3196 10 2719 10 3203 10 3156 10 3250 10 3167 10 3116 10 2978 10 3265 10 3214 10 3197 10 3290 10 2814 10 3220 10 2828 10 2992 10 2995 10 2823 10 3198 10 2795 10 2740 10 3117 10 3091 10 3191 10 3089 10 3225 10 2971 10 3178 10 3208 10 2868 10 2934 10 3094 10 2754 10 2802 10 2885 10 2915 10 3239 10 3077 10 2909 10 3397 10 2800 10 2833 10 2861 10 3066 10 2939 10 2887 10 3283 10 2749 10 3043 10 3048 10 2848 10 2903 10 2764 10 3432 10 2921 10 3204 10 2869 10 3123 10 2942 10 3160 10 3341 10 3251 10 2816 10 2933 10 3098 10 3136 10 3347 10 2948 10 3074 10 3146 10 2825 10 2741 10 2774 10 2767 10 2824 10 3131 10 3222 10 3125 10 2952 10 3256 10 2880 10 3139 10 2671 10 3021 10 2917 10 3031 10 3032 10 3262 10 3294 10 3179 10 3576 10 3023 10 3105 10 3279 10 3338 10 3200 10 3018 10 2994 10 3691 10 2857 10 2855 10 3248 10 3158 10 2729 10 2780 10 3588 10 2841 10 3181 10 3112 10 2879 10 2762 10 2790 10 2958 10 2732 10 2781 10 3310 10 2938 10 3063 10 3121 10 3101 10 3109 10 2765 10 2926 10 3343 10 2998 10 3194 10 2735 10 3145 10 3604 10 3037 5
21 4516 10 4536 9
22 4612 10 4734 10 4800 10 2841 10 3181 10 3112 10 2879 10 2762 10 2790 10 2958 10 2732 10 2781 10 2938 10 3063 10 3121 10 4761 10 3101 10 3109 10 2765 10 2926 10 4775 10 4828 10 2998 10 3194 10 2735 10 3145 10 4355 10 4350 10 4323 10 3037 10 4255 10 4589 10 4398 10 4812 10 3050 10 4378 10 4469 10 4315 10 4746 10 4772 10 4347 10 4542 10 2847 10 4408 10 4334 10 4198 10 4573 10 3276 10 4070 10 2843 10 2864 10 4579 10 3159 10 3342 10 2791 10 4194 10 4284 10 4529 10 4063 10 3162 10 4358 10 3430 10 4797 10 2900 10 4406 10 3318 10 4778 10 3183 10 3626 10 4310 10 3549 10 3226 10 4308 10 4365 10 4009 10 4436 10 3234 10 4314 10 3215 10 4380 10 3001 10 3891 10 4342 10 2807 10 3245 10 4511 10 2972 10 3403 10 3511 10 3505 10 3273 10 4351 10 2715 10 3621 10 2820 10 3672 10 4399 10 4699 10 3848 10 3548 10 4212 10 4332 10 4833 10 2849 10 3277 10 3867 10 4087 10 4613 10 2986 10 4184 10 3143 10 3309 10 4333 3
23 4454 10 4479 10 4338 10 4483 10 4537 10 4305 10 4465 10 4512 10 4374 10 4335 10 4395 10 4473 10 4518 10 4528 10 4426 10 4397 10 4477 10 4419 10 4666 10 4634 10 4552 10 4659 10 4550 10 4587 10 4430 10 4605 10 4678 10 4326 10 4453 10 4597 10 4626 10 4377 10 4417 10 4580 10 4451 10 4293 10 4294 10 4440 10 4562 10 4539 10 4228 10 4584 10 4346 10 4482 10 4564 10 4449 10 4499 10 4423 10 4585 10 4439 10 4475 10 4401 10 4433 10 4371 10 4608 10 4460 10 4298 10 4533 10 4325 10 4418 10 4478 10 4352 10 4339 10 4421 5
24 4773 10 4661 10 4698 10 4692 10 4730 10 4740 10 4672 10 4687 10 4731 10 4647 10 4795 10 4706 10 4694 10 4728 10 4656 10 4721 10 4382 10 4373 10 4174 10 4210 10 4648 10 4630 10 4269 10 4743 10 4707 10 4575 10 4779 10 4114 10 4160 10 4753 10 4141 10 4061 10 4177 10 4786 10 4745 10 4135 10 4591 10 4202 10 4139 10 4239 10 4288 10 4790 10 4546 10 3893 10 3921 10 4067 10 4157 10 4079 10 4596 10 4799 10 4257 10 3943 10 4391 10 3727 10 4147 10 4178 10 3305 10 3587 10 3173 10 3368 10 4708 10 3155 10 3847 10 3317 10 3302 10 3382 10 4029 10 3247 10 3609 10 3637 10 3358 10 3185 10 3607 10 4434 10 4215 10 4766 10 3960 10 3269 10 3618 10 3295 10 3312 10 3357 10 3657 10 4211 10 3528 10 3994 10 3938 10 4643 10 4581 10 4771 10 4588 10 4356 10 4424 10 4331 10 4117 10 3337 10 3388 10 3484 10 4244 10 4792 10 3475 10 4078 10 3584 10 3375 10 3275 10 3299 10 4047 10 4621 10 3736 10 4341 10 4685 10 3990 10 4217 10 3568 10 4662 10 4208 10 4737 10 3195 10 3668 10 3537 10 4245 10 4720 10 4590 10 3555 10 4173 10 4291 10 3466 10 3483 10 3216 10 4007 10 4146 10 4623 10 4231 10 4180 10 4235 10 3819 10 3935 10 4375 10 3869 10 4186 10 3385 10 4099 10 4155 10 4250 10 3280 10 4056 10 4384 10 4785 10 4158 10 3767 10 4230 10 3147 10 3507 10 4229 10 3495 10 3161 10 3493 10 3600 10 3553 10 4131 10 3612 10 4012 10 4101 10 4084 10 4757 10 4153 10 3298 10 4781 10 4344 10 3456 10 4301 10 3232 10 3219 10 3389 10 3482 10 3640 10 3992 10 4303 10 3593 10 3780 10 3859 10 3755 10 3236 10 3689 10 3308 10 3372 10 4515 10 3291 10 3330 10 4750 10 3201 10 3863 10 4446 10 3381 10 3546 10 4113 10 4497 10 4615 10 3700 10 2888 10 3086 10 3321 10 2626 10 3540 10 4106 10 3303 10 3325 10 3278 10 4195 10 3314 10 4722 10 3516 10 2806 10 3443 10 4108 10 4006 10 3601 10 4633 10 2846 10 3339 10 4718 10 3470 10 3463 10 3531 10 2896 10 3857 10 3122 10 3081 10 4628 10 3384 10 3524 10 3221 10 3697 10 3974 10 3144 10 4733 10 4196 10 4062 10 3586 10 3924 10 4082 10 3351 10 4022 10 2604 10 3013 10 3582 10 4447 10 2738 10 3825 10 4064 10 3799 10 4176 10 4014 10 4455 10 3543 10 3544 10 4041 10 4763 10 3660 10 3899 10 4035 10 2708 10 3255 10 4185 10 3174 10 2925 10 3040 10 3918 10 4046 10 2696 10 3565 10 3737 10 3872 10 2602 10 2686 10 3090 10 3894 10 3931 10 4020 10 4693 10 2601 10 4032 10 3554 10 4646 10 3467 10 4726 10 4328 10 2743 10 4024 10 3207 10 2866 10 3386 10 4316 10 4232 10 4233 10 3845 10 4345 10 4495 10 3421 10 4682 10 3108 10 3399 10 3263 10 3634 10 3246 10 3065 10 3455 10 4156 10 4405 10 3425 10 4493 10 3442 10 4085 10 4008 10 4256 10 2949 10 4502 10 4221 10 4765 10 2703 10 3296 10 3007 10 3212 10 4524 10 3313 10 3684 10 4498 10 3359 10 4220 10 3861 10 4102 10 3229 10 4287 10 4159 10 4652 10 4098 10 4306 10 3688 10 4043 10 4275 10 4290 10 2929 10 3738 10 4559 10 4001 10 2697 10 3846 10 4126 10 2576 10 3383 10 3504 10 2709 10 2796 10 2642 10 3792 10 3035 10 2685 10 2619 10 3062 10 3989 10 4203 10 4526 10 3950 10 4130 10 4165 10 2968 10 3420 10 3335 10 3951 10 4072 10 4414 10 4611 10 3986 10 3999 10 4090 10 4791 10 2618 10 3228 10 4385 10 4116 10 4764 10 3434 10 3745 10 4607 10 4653 10 3264 10 3976 6
25 4121 10 4057 10 3802 10 4114 10 4160 10 4141 10 4061 10 4135 10 4139 10 3815 10 3319 10 3687 10 3893 10 3446 10 3414 10 3428 10 3840 10 3921 10 3674 10 4067 10 4157 10 4079 10 3242 10 3447 10 3943 10 3345 10 3727 10 4147 10 3305 10 3587 10 2775 10 3173 10 3368 10 2761 10 2899 10 3155 10 3847 10 3317 10 3302 10 3072 10 3382 10 4029 10 2793 10 3247 10 3609 10 3637 10 3358 10 3185 10 3083 10 3607 10 3960 10 3269 10 2918 10 3618 10 3295 10 3312 10 2666 10 2783 10 2770 10 2893 10 3015 10 3357 10 3657 10 3528 10 3994 10 3938 10 2760 10 2751 10 2981 10 4117 10 3337 10 3388 10 3484 10 3025 10 3475 10 4078 10 3584 10 3375 10 2898 10 3275 10 2769 10 3299 10 4047 10 3736 10 3990 10 2689 10 2884 10 3568 10 2716 10 3195 10 3668 10 3537 10 3555 10 2912 10 3466 10 3483 10 3216 10 4007 10 4146 10 3819 10 3935 10 3869 10 2617 10 3385 10 4099 10 4155 10 3092 10 2747 10 3280 10 4056 10 4158 10 3767 10 2815 10 3147 10 3507 10 2856 10 3495 10 3161 10 3493 10 3600 10 3553 10 4131 10 3612 10 4012 10 4101 10 4084 10 4153 10 2727 10 3298 10 2950 10 3456 10 3232 10 3219 10 3138 10 3389 10 3482 10 3640 10 3992 10 3593 10 3780 10 3859 10 2989 10 3755 10 3012 10 3236 10 3689 10 3064 10 3308 10 2870 10 3372 10 3291 10 3330 10 3201 10 3863 10 3381 10 3546 10 4113 10 2784 6
26 45 10 65 10 58 10 42 10 76 10 86 10 111 10 85 10 51 10 50 10 56 10 3011 10 2695 10 2785 10 3068 10 2739 10 2951 10 2811 10 2863 10 3052 10 132 10 3100 10 2984 10 2759 10 3055 10 2771 10 3102 10 3137 10 2904 10 2908 10 3097 10 3095 10 3004 10 2724 10 3128 10 2979 10 2792 10 3093 10 2692 10 3041 10 2923 10 2773 10 2768 10 69 10 83 10 82 10 2928 10 3038 10 2693 10 74 10 68 10 2711 10 2641 10 220 10 2838 10 2698 10 196 10 2625 10 2916 10 2803 10 108 10 40 10 114 10 2706 10 2901 10 3079 10 2832 10 2937 10 2746 10 2634 10 3026 10 179 10 2690 10 2845 10 251 10 2812 10 66 10 2817 10 2969 10 3053 10 2834 10 2775 10 2761 10 70 10 2899 10 73 10 3072 10 2793 10 3083 10 154 10 2918 10 2666 10 2783 10 2770 10 2893 10 3015 10 46 10 2760 10 72 10 2751 10 2981 10 3025 10 89 10 115 10 2898 10 2769 10 2689 10 2884 10 2716 10 107 10 2912 10 91 10 2617 10 3092 10 2747 10 2815 10 2856 10 141 10 95 10 2727 10 2950 10 3138 10 2989 10 3012 10 3064 10 2870 10 49 10 189 10 2784 10 265 10 2888 10 3086 10 2626 10 214 10 138 10 2806 10 2846 10 143 10 2896 10 3122 10 3081 10 105 10 2604 10 3013 10 2738 10 78 10 2708 10 2925 10 3040 10 2696 10 2602 10 2686 10 3090 10 2601 10 125 10 2743 10 63 10 128 10 2866 10 52 10 3108 10 64 10 3065 10 2949 10 2703 10 117 10 106 10 3007 10 137 10 2929 10 47 10 2697 10 2576 10 77 10 2709 10 75 10 2796 10 2642 10 124 10 3035 10 2685 10 84 10 2619 10 3062 10 176 10 2968 10 79 10 2618 10 206 10 44 10 122 10 3087 10 41 10 116 10 2752 10 2789 10 237 10 2756 10 118 10 2656 10 2650 10 119 10 2694 10 2731 10 2842 10 53 10 140 10 2805 10 2799 10 2967 10 205 10 3010 10 2555 10 2844 10 2976 10 231 10 71 10 226 10 2776 10 2745 10 2644 10 2707 10 2877 10 256 10 2837 10 2730 10 191 10 2990 10 2608 10 182 10 2748 10 2688 10 3096 10 3036 10 2963 10 2778 10 2713 10 3049 10 57 10 2674 10 2794 10 2822 10 2687 10 2580 10 134 10 2836 10 2763 10 96 10 2579 10 2581 10 2757 10 180 10 2627 10 177 10 2632 10 3110 10 98 10 112 10 147 10 2554 3
27 1107 10 1297 10 1364 10 1186 10 1282 10 1245 10 1221 10 1041 10 1193 10 1342 10 995 10 1163 10 1075 10 365 10 1326 10 1271 10 1115 10 1330 10 1287 10 1025 10 1294 10 292 10 1462 10 1154 10 1201 10 395 10 287 10 1215 10 1420 10 339 10 1003 10 1231 10 1044 10 1094 10 459 10 397 10 1187 10 1273 10 544 10 1004 10 1147 10 1247 10 1327 10 1179 10 1170 10 1412 10 1234 10 1423 10 1389 10 1172 10 1057 10 1190 10 1068 10 315 10 1280 10 1406 10 1151 10 1357 10 1348 10 1195 10 1426 10 1168 10 340 10 1005 10 1136 10 1099 10 291 10 1434 10 1200 10 327 10 1226 10 378 10 1023 10 1259 10 359 10 344 10 1383 10 1130 10 1089 10 286 10 1243 10 312 10 475 10 1517 10 990 10 1016 10 473 10 1049 10 550 10 1165 10 476 10 1331 10 367 10 1386 10 1268 10 951 10 1436 10 1358 10 1123 10 1288 10 630 10 910 10 1184 10 1474 10 285 10 1254 10 323 10 1153 10 1433 10 1206 10 948 10 1278 10 568 10 1336 10 1135 10 404 10 1126 10 458 10 513 10 1415 10
28 3027 10 2977 10 3193 10 3196 10 2719 10 3203 10 3156 10 3167 10 3116 10 2978 10 3214 10 3197 10 2814 10 2828 10 2992 10 2995 10 2823 10 3198 10 2795 10 2740 10 3117 10 3091 10 3191 10 3089 10 2971 10 3178 10 3208 1
29 4625 10 4641 10 4665 10 4697 10 4618 10 4609 10 4635 10 4639 10 4711 10 4679 10 4769 10 4620 10 4614 10 4700 5
30 2973 10 2954 10 3003 10 2943 10 2876 10 2955 10 2881 10 2874 10 2970 10 2956 10 3103 10 3104 10 2983 10 3078 10 3030 10 2962 10 2964 10 2883 10 2910 10 2891 10 3070 10 3164 10 2993 10 3020 10 2966 10 2858 10 3170 10 2787 10 2947 10 2982 10 2859 10 3140 10 2873 10 2852 10 3231 10 2960 10 3085 10 2830 10 2997 10 3120 10 2936 10 2924 10 2853 10 3124 10 3071 10 2975 10 2935 10 2932 10 3016 10 3177 10 3111 10 2867 10 2930 10 3106 10 3076 10 2808 10 2813 10 3127 10 2871 10 2878 10 3075 10 3142 10 2985 10 2974 10 3148 10 3014 10 3009 10 2959 10 2882 10 2854 10 2911 10 3046 10 3132 10 2941 10 2721 10 2980 10 2940 10 2905 10 3008 10 3182 10 3042 10 3261 10 3135 10 3044 10 3017 10 3024 10 3039 10 3154 10 3213 10 3258 10 2991 10 2894 10 3153 10 3056 10 2753 10 2886 10 3163 10 2999 10 3118 10 3059 10 2913 10 2797 10 3133 10 2892 10 2902 10 3082 10 3080 10 2895 10 3084 10 2890 10 2737 10 3281 10 2953 10 3169 10 2872 10 2862 8
31 365 10 395 10 339 10 459 10 397 10 544 10 340 10 327 10 378 10 359 10 344 10 475 10 990 10 473 10 550 10 476 10 367 10 951 10 630 10 910 10 323 10 948 10 568 10 404 10 458 10 513 10 430 10 953 10 503 10 377 10 986 10 358 10 347 10 766 10 391 10 548 10 959 10 514 10 965 10 955 10 618 10 509 10 639 10 332 10 346 10 732 10 457 10 624 10 858 10 603 10 875 10 389 10 333 10 516 10 890 10 433 10
32 4741 10 4784 10 3518 10 4422 10 4691 10 4794 10 4717 10 4367 10 4551 10 4705 10 3491 10 4410 10 4725 10 4651 10 4629 10 4776 10 4567 10 3334 10 4543 10 4777 10 4752 10 4677 10 4767 10 4441 10 4586 10 3397 10 4461 10 4459 10 4467 10 4592 10 4307 10 4488 10 4304 10 4548 10 4388 10 4632 10 4481 10 4340 10 4474 10 3432 10 4396 10 4594 10 3341 10 4429 10 3529 10 4540 10 3598 10 3347 10 4568 10 4531 10 4583 10 4714 10 4292 10 4703 10 4788 10 4372 10 4431 10 4522 10 4513 10 4381 10 4686 10 4534 10 4330 10 4507 10 4313 10 4642 10 4296 10 4243 10 4458 10 4660 10 4282 10 3576 10 4144 10 4320 10 3338 10 4445 10 4223 10 4547 10 4241 10 4432 10 4480 10 3691 10 4302 10 4612 10 4364 10 4444 10 4259 10 4051 10 4435 10 4463 10 4312 10 4734 10 4800 10 3588 10 4390 10 4354 10 4227 10 4476 10 4450 10 4175 10 4150 10 3310 10 4456 10 4761 10 4200 10 4222 10 4452 10 4563 10 4122 10 4775 10 4828 10 3343 10 3604 10 4355 10 4350 10 4323 10 4120 10 4255 10 4589 10 4398 10 4812 10 4378 10 4469 10 3954 10 4315 10 4746 10 4772 10 4347 10 4542 10 4408 10 4334 10 4198 10 4161 5
33 4573 10 4579 10 4194 10 4284 10 4529 10 4358 10 4406 10 4310 10 4308 10 4365 10 4436 10 4314 10 4380 10 4342 10 4511 10 4351 10 4399 10 4212 10 4332 10 4087 10 4184 10 4333 10 4254 10 4506 10 3696 10 3187 10 4360 10 2988 10 3690 10 2946 10 3069 10 4457 10 3130 10 4218 10 4225 10 4336 10 4443 10 3289 10 3151 10 3184 10 3240 10 3346 10 3165 10 3380 10 2931 10 3057 10 3409 10 4172 10 4258 10 4187 10 4555 10 4188 10 4219 10 4427 10 4387 10 2839 10 3244 10 4163 10 3061 10 4321 10 4492 10 2725 10 4182 10 4327 10 3022 10 3235 10 2906 10 3285 10 4363 10 3157 10 4204 10 2798 10 3129 10 4486 10 4136 10 2723 10 4049 10 4207 10 4189 10 4167 10 4545 10 3249 10 3274 10 4329 10 4394 10 2840 10 2827 10 3374 10 4138 10 3060 10 3238 10 4238 10 4560 10 3311 10 4530 10 4438 10 2672 10 4420 10 3271 10 3423 10 4386 10 3099 10 4264 10 4544 10 4164 10 4379 10 2801 10 3406 10 4019 10 4571 10 3331 10 3348 10 4134 10 4318 10 3402 10 3928 10 4500 10 4362 10 4383 10 3571 10 4295 10 3115 10 3172 10 4489 10 3126 10 3267 10 4369 10 3328 10 3387 10 3860 10 3218 10 2766 10 3367 10 4361 10 3192 10 3394 10 3034 10 3006 10 3911 10 4442 10 2987 10 4464 10 3205 10 4311 10 3171 10 4322 10 4357 10 4343 10 3284 10 3217 10 3401 10 2850 10 3119 10 3209 10 4300 10 4286 10 4283 10 4413 10 3107 10 2772 10 3243 10 4349 10 3210 10 4128 10 4281 10 4491 10 4538 10 3028 10 3054 10 4083 10 3982 10 4277 10 4324 10 3971 10 4148 10 3088 10 3808 10 4031 10 3474 10 4209 10 4505 10 4104 10 3557 10 4485 10 4271 10 4278 10 3002 10 3029 10 4034 10 4205 10 2957 10 4206 10 3019 10 3292 10 4242 10 2722 10 4018 10 4132 10 4251 10 4466 10 3390 10 4081 10 3855 10 4129 10 4501 10 3113 10 3268 10 3506 10 4247 10 4093 10 2965 10 4166 10 4149 10 4403 10 3134 10 3572 10 4272 10 4168 10 3733 10 3681 10 3067 10 3659 10 4249 10 2945 10 4123 10 4402 10 3180 10 4234 10 3750 10 2680 10 2865 10 3908 10 4142 10 3322 10 4260 10 3266 10 4409 10 2829 10 2835 10 4213 10 3166 10 2927 10 3479 10 4448 10 3355 10 3662 10 3985 10 3206 10 4048 10 4337 10 3327 1
34 2934 10 3094 10 2802 10 2885 10 2915 10 3077 10 2909 10 2800 10 2833 10 2861 10 3066 10 2939 10 2887 10 3043 10 3048 10 2848 10 2903 10 2764 10 2921 10 3204 10 2869 10 3123 10 2942 10 3160 10 2816 10 2933 10 3098 10 3136 10 2948 10 3074 10 3146 10 2825 10 2741 10 2774 10 2767 10 2824 10 3131 10 3125 10 2952 10 2880 10 3139 10 2671 10 3021 10 2917 10 3031 10 3032 10 3179 10 3023 10 3105 10 3200 10 3018 10 2994 10 4432 10 4480 10 4302 10 2857 10 4364 10 4444 10 2855 10 3248 10 3158 10 4435 10 4463 10 4312 10 2729 10 2780 10 4390 10 2841 10 3181 10 4354 10 3112 10 4476 10 4450 10 2879 10 2762 10 2790 10 2958 10 2732 10 2781 10 4456 10 2938 10 3063 10 3121 10 4200 10 4222 10 3101 10 3109 10 4452 10 4563 10 2765 10 2926 10 2998 10 3194 10 2735 10 3145 10 3604 10 4355 10 4350 10 4323 10 3037 10 4120 10 4255 10 4589 10 4398 10 3050 10 4378 10 4469 10 3954 10 4315 10 4347 10 4542 10 2847 10 4408 10 4334 10 4198 10 4161 10 4573 10 3276 10 4070 10 2843 10 2864 10 4579 10 3159 10 3342 10 2791 10 4194 10 4284 10 4529 10 4063 10 3162 10 4358 10 3430 10 2900 10 4406 10 3318 10 3183 10 3626 10 4310 10 3549 10 3226 10 4308 10 4365 10 4009 10 4436 10 3234 10 4314 10 3215 10 4380 10 3001 10 3891 10 4342 10 2807 10 3245 10 4511 10 2972 10 3403 10 3511 10 3505 10 3273 10 4351 10 2715 10 3621 10 2820 10 3672 10 4399 10 3848 10 3548 10 4212 10 4332 10 2849 10 3277 10 3867 10 4087 10 2986 10 4184 10 3143 10 3309 10 4333 10 4254 10 4506 10 3747 10 3696 10 2920 10 3352 10 3190 10 3187 10 4360 10 2988 10 3690 4
35 4812 10 4746 10 4772 10 4797 10 4778 10 4699 10 4833 10 4613 10 4254 10 4506 10 4360 10 4457 10 4218 10 4225 10 4336 10 4443 10 4631 10 4650 10 4606 10 4172 10 4258 10 4187 10 4555 10 4188 10 4803 10 4219 10 4427 10 4387 10 4163 10 4663 10 4622 10 4321 10 4492 10 4182 10 4327 10 4363 10 4204 10 4689 10 4486 10 4136 10 4049 10 4207 10 4189 10 4167 10 4545 10 4873 10 4329 10 4394 10 4805 10 4138 10 4238 10 4560 7
36 4803 10 4663 10 4622 10 4689 10 4873 10 4805 10 4802 10 4684 10 4701 10 4819 10 4683 10 4673 10 4865 10 4704 10 4617 10 4667 10 4747 10 4773 10 4871 10 4661 10 4541 10 3890 10 4549 10 4698 10 4692 10 4005 10 4730 10 4554 10 4740 10 4603 10 4672 10 4582 10 4687 10 4276 10 4462 10 3881 10 4143 10 4731 10 3812 10 4089 10 4115 10 4000 10 4137 10 4280 10 4404 10 4285 10 4044 10 4074 10 4319 10 4472 10 3892 10 4317 10 3776 10 4066 10 3941 10 3927 10 4100 10 4578 10 4647 10 3934 10 4811 10 3884 10 4517 10 3973 10 4262 10 4636 10 4370 10 3920 10 4181 10 4504 10 3966 10 4119 10 4197 10 4236 10 4080 10 3956 10 4109 10 4297 10 4110 10 4795 10 4199 10 4263 10 4274 10 4706 10 3832 10 4416 10 3189 10 3306 10 4694 10 3450 10 3904 10 4425 10 4728 10 3202 10 3514 10 4105 10 3304 10 4656 10 3141 10 3377 10 3664 10 3350 10 4348 10 4359 10 3320 10 3874 10 4721 10 3356 10 3501 10 3997 10 4382 10 3451 10 4373 10 3326 10 3188 10 4174 10 4210 10 4121 10 4648 10 3293 10 3301 10 3376 10 3713 10 4630 10 4832 10 3670 10 4269 10 3323 10 3753 1
37 3231 10 3261 10 3258 10 3281 10 3237 10 3223 10 3250 10 3265 10 3290 10 3220 10 4794 10 3491 10 4776 10 3225 10 3334 10 4777 10 4752 10 4767 10 3239 10 4586 10 3397 10 4461 10 4459 10 4467 10 4592 10 3283 10 4488 10 4548 10 4388 10 4632 10 4481 10 4474 10 3432 10 4396 10 4594 10 3341 10 3251 10 4429 10 3529 10 4540 10 3598 10 3347 10 4568 10 4531 10 4583 10 4714 10 4703 10 3222 10 4788 10 3256 10 4372 10 4431 10 4522 10 4513 10 4381 10 4686 10 4534 10 4330 10 4507 10 4313 10 4642 10 3262 10 3294 10 4296 10 4458 10 4660 10 4282 10 3576 10 4320 10 3279 10 3338 10 4445 10 4223 10 4547 10 4241 10 4432 10 4480 10 3691 10 4302 10 4612 10 4364 10 4444 10 4259 10 3248 10 4435 10 4463 10 4312 10 4734 10 4800 10 3588 10 4390 10 4354 10 4227 10 4476 10 4450 10 3310 10 4456 10 4761 10 4200 10 4222 10 4452 10 4563 10 4122 10 4775 10 4828 10 3343 9
38 3430 10 2900 10 3318 10 3183 10 3626 10 3549 10 3226 10 3234 10 3215 10 3001 10 2807 10 3245 10 2972 10 3403 10 3511 10 3505 10 3273 10 3621 10 2820 10 3672 10 3548 10 2849 10 3277 10 2986 10 3143 10 3309 10 3747 10 3696 10 2920 10 3352 10 3190 10 3187 10 2988 10 3690 10 2946 10 3069 10 3130 10 3289 10 3151 10 3184 10 3240 10 3346 10 3165 10 3380 10 2931 10 3057 10 3409 10 2839 10 3244 10 3061 10 2725 10 3022 10 3235 10 2906 10 3285 10 3157 10 2798 10 3129 10 2723 10 3249 10 3274 10 2840 10 2827 10 3374 10 3060 10 3238 10 3311 10 2672 10 3271 10 3423 10 3099 10 2801 10 3406 10 3331 10 3348 10 3402 10 3571 10 3115 10 3172 10 3126 10 3267 10 3328 10 3387 10 3218 10 2766 10 3367 10 3192 10 3394 10 3034 10 3006 10 2987 10 3205 10 3171 10 3284 10 3217 10 3401 10 2850 10 3119 10 3209 10 3107 10 2772 10 3243 10 3210 10 3028 10 3054 10 3088 10 3474 10 3557 10 3002 10 3029 10 2957 10 3019 10 3292 10 2722 10 3390 10 3113 10 3268 10 3506 10 2965 10 3134 10 3572 10 3733 10 3681 10 3067 10 3659 10 2945 10 3180 10 3750 10 2680 10 2865 10 3322 10 3266 10 2829 10 2835 10 3166 10 2927 10 3479 10 3355 10 3662 10 3206 10 3327 10 3011 10 3533 10 3340 10 3396 10 3468 10 3563 10 3253 10 2695 10 3282 10 3233 10 3362 10 3412 10 3645 10 2785 10 3068 10 3260 10 2739 10 3472 10 2951 10 3398 10 3211 10 3392 10 3523 10 2811 10 2863 10 3465 10 3620 10 3052 10 3100 10 3199 10 3411 10 2984 10 3344 10 3254 10 2759 10 3055 10 2771 10 3102 10 3623 10 3740 10 3137 10 3580 10 3714 10 2904 10 2908 10 3288 10 3230 10 3665 10 3097 10 3461 10 3095 10 3373 10 3004 10 2724 10 3128 10 2979 10 2792 10 3366 10 3444 10 3427 10 3093 10 3353 10 2692 10 3227 10 3041 10 3354 10 2923 10 3272 10 3316 10 2773 10 2768 10 3464 10 3489 10 2928 10 3176 10 3436 10 3038 10 3365 10 3349 10 3424 10 3433 10 3492 10 3189 10 3306 10 2693 10 3450 10 3202 10 3514 10 3304 10 2711 10 3141 10 3377 10 3664 10 2641 10 3350 10 3320 10 3356 10 3501 10 3451 10 3326 10 2838 10 3188 10 2698 10 2625 10 3293 10 3301 10 2916 10 3376 10 3713 10 2803 10 3670 10 3323 10 3753 10 3400 10 3418 10 3559 10 3152 10 3286 10 2706 10 3743 10 3252 10 2901 10 3488 10 3452 10 3079 10 3574 10 3300 10 3469 10 3391 10 2832 10 3333 10 2937 10 2746 10 3404 10 3329 10 3259 10 2634 10 3026 10 3149 10 3496 10 3324 10 3315 10 3460 10 3369 10 3417 10 3613 6
39 3289 10 3151 10 3184 10 3240 10 3346 10 3165 10 3380 10 2931 10 3057 10 3409 10 2839 10 3244 10 3061 10 2725 10 3022 10 3235 10 2906 10 3285 10 3157 10 2798 10 3129 10 2723 10 3249 10 3274 10 2840 10 2827 10 3374 10 3060 10 3238 10 3311 10 2672 10 3271 10 3423 10 3099 10 2801 10 3406 10 3331 10 3348 10 3402 10 3115 10 3172 10 3126 10 3267 10 3328 10 3387 10 3218 10 2766 10 3367 10 3192 10 3394 10 3034 10 3006 10 2987 10 3205 10 3171 10 3284 10 3217 10 3401 10 2850 10 3119 10 3209 10 3107 10 2772 10 3243 10 3210 10 3028 10 3054 10 3088 10 3002 10 3029 10 2957 10 3019 10 3292 10 2722 10 3390 10 3113 10 3268 10 2965 10 3134 10 3067 10 2945 10 3180 10 2680 10 2865 10 3322 10 3266 10 2829 10 2835 10 3166 10 2927 10 3355 10 3206 10 3327 10 3011 10 3340 10 3396 10 3253 10 2695 10 3282 10 3233 10 3362 10 3412 10 2785 10 3068 10 3260 10 2739 10 2951 10 3398 10 3211 10 3392 10 2811 10 2863 10 3052 10 3100 10 3199 10 3411 10 2984 10 3344 10 3254 10 2759 10 3055 10 2771 10 3102 10 3137 10 2904 10 2908 10 3288 10 3230 10 3097 10 3461 10 3095 10 3373 10 3004 10 2724 10 3128 10 2979 10 2792 10 3366 10 3444 10 3427 10 3093 10 3353 10 2692 10 3227 10 3041 10 3354 10 2923 10 3272 10 3316 10 2773 10 2768 10 2928 10 3176 10 3436 10 3038 1
40 108 10 114 10 179 10 4257 10 4147 10 4178 10 3847 10 4029 10 154 10 4215 10 3960 10 4211 10 3994 10 3938 10 4331 10 4117 10 4244 10 4078 10 115 10 4047 10 3990 10 4217 10 4208 10 107 10 4245 10 4173 10 4291 10 4007 10 4146 10 4231 10 4180 10 4235 10 3935 10 3869 10 4186 10 4099 10 4155 10 4250 10 4056 10 4158 10 4230 10 4229 10 141 10 4131 10 4012 10 4101 10 4084 10 4153 10 4301 10 3992 10 4303 10 3859 10 189 10 3863 10 4113 10 3700 10 265 10 3321 10 3540 10 4106 10 214 10 3303 10 3325 10 3278 10 4195 10 3314 10 3516 10 138 10 2806 10 3443 10 4108 10 4006 10 3601 10 2846 10 3339 10 3470 10 143 10 3463 10 3531 10 2896 10 3857 10 3122 10 3081 10 3384 10 3524 10 3221 10 3697 10 3974 10 3144 10 4196 10 4062 10 3586 10 3924 10 4082 10 3351 10 4022 10 2604 10 3013 10 3582 10 2738 10 3825 10 4064 10 3799 10 4176 10 4014 10 3543 10 3544 10 4041 10 3660 10 3899 10 4035 10 2708 10 3255 10 4185 10 3174 10 2925 10 3040 10 3918 10 4046 10 2696 10 3565 10 3737 10 3872 10 2602 10 2686 10 3090 10 3894 10 3931 10 4020 10 2601 10 125 10 4032 10 3554 10 3467 10 4328 10 2743 10 4024 10 128 10 3207 10 2866 10 3386 10 4316 10 4232 10 4233 10 3845 10 3421 10 3108 10 3399 10 3263 10 3634 10 3246 10 3065 10 3455 10 4156 10 3425 10 3442 10 4085 10 4008 10 4256 10 2949 10 4221 10 2703 10 117 10 3296 10 3007 10 3212 10 3313 10 3684 10 3359 10 4220 10 137 10 3861 10 4102 10 3229 10 4287 10 4159 10 4098 10 4306 10 3688 10 4043 10 4275 10 4290 10 2929 10 3738 10 4001 10 2697 10 3846 10 4126 10 3383 10 3504 10 2709 10 2796 10 2642 10 3792 10 124 10 3035 10 2685 10 2619 10 3062 10 3989 10 4203 10 176 10 3950 10 4130 10 4165 10 2968 10 3420 10 3335 10 3951 10 4072 10 3986 10 3999 10 4090 10 2618 10 3228 10 4116 10 206 10 3434 10 3745 10 122 10 3264 10 3976 10 3087 10 3471 10 116 10 4036 10 2752 10 4145 10 3862 10 2789 10 3946 10 3486 10 237 10 3426 10 4289 10 2756 10 4125 10 4237 10 4140 10 3962 10 118 10 2656 10 4055 10 3307 10 2650 10 119 10 3499 10 2694 10 2731 10 2842 10 3363 10 140 10 3917 10 2805 10 3806 10 2799 10 3779 10 3378 10 2967 10 205 10 3763 10 3805 10 3462 10 3829 10 3413 10 3644 10 3010 10 3849 10 4179 10 2555 10 2844 10 3677 10 4224 10 2976 10 4026 10 3525 10 4073 10 4151 10 231 10 226 10 2776 10 2745 10 3361 10 4253 10 2644 10 2707 10 2877 10 3532 10 256 10 3683 10 2837 10 2730 10 3224 10 3287 10 191 10 2990 10 2608 10 3364 10 4054 10 4096 10 4071 10 4252 10 4261 10 3410 10 182 10 3445 10 2748 10 3508 10 3661 10 3535 10 3577 10 3615 10 3744 10 3988 8
41 3352 10
42 3276 10
43 3050 10
44 3082 10
45 4218 10
46 4425 10
47 1041 10
48 4591 10
49 3076 10
50 4288 10
51 365 10
52 4854 10
53 1297 10
54 4631 10
55 3860 10
56 2890 10
57 15 10
58 4019 10
59 1326 10
60 4871 10
61 4650 10
62 3130 10
63 4546 10
64 4596 10
65 4019 10
66 4673 10
67 168 10
68 4420 10
69 4434 10
70 2749 10
71 4707 10
72 2876 10
73 3911 10
74 995 10
75 1107 10
76 3506 10
77 3874 10
78 2671 10
79 4575 10
80 3158 10
81 144 10
82 2715 10
83 4177 10
84 4457 10
85 2847 10
86 4701 10
87 2780 10
88 3928 10
89 3808 10
90 2871 10
91 251 10
92 168 10
93 4743 10
94 2895 10
95 3159 10
96 3080 10
97 2946 10
98 2787 10
99 3069 10
100 3557 10
101 1245 10
102 86 10
103 1282 10
104 1364 10
105 2754 10
106 2914 10
107 2699 10
108 3891 10
109 76 10
110 132 10
111 4811 10
112 15 10
113 4819 10
114 4753 10
115 4178 10
116 3904 10
117 2729 10
118 4105 10
119 4832 10
120 4636 10
121 3058 10
122 144 10
123 1163 10
124 3190 10
125 2808 10
126 4854 10
127 3848 10
128 4049 10
129 58 10
130 4684 10
131 3939 10
132 220 10
133 4606 10
134 4667 10
135 3867 10
136 3084 10
137 15 10
138 1171 10
139 4790 10
140 3342 10
141 4683 10
142 3162 10
143 2843 10
144 2855 10
145 2813 10
146 2864 10
147 2920 10
148 2791 10
149 111 10
150 30 10
151 111 10
152 4745 10
153 4391 10
154 168 10
155 1186 10
156 17 10
157 86 10
158 3571 10
159 220 10
160 4348 10
161 4434 10
162 17 10
163 3533 10
164 3474 10
165 3928 10
166 4779 10
167 1221 10
168 65 10
169 2868 10
170 4239 10
171 3747 10
172 2699 10
173 251 10
174 4786 10
175 4202 10
176 2857 10
177 4057 10
178 4359 10
179 4865 10
180 4802 10
181 1075 10
182 2555 10
183 1342 10
184 76 10
185 30 10
186 1171 10
187 2576 10
188 3997 10
189 4299 10
190 1193 10
191 65 10
192 4704 10
193 58 10
194 4747 10
195 144 10
196 196 10
197 2737 10
198 45 10
199 45 10
200 17 10