100
1 278 10 293 10 322 10 282 10 305 10 292 10 297 10 307 10 339 10 289 7
2 796 10 804 10 825 10 816 10 824 10 860 10 805 10 787 10 820 10 835 10 833 10 821 10 836 10 810 10
3 489 10 297 10 307 10 257 10 339 10 289 10 309 10 223 10 323 10 251 10 491 10 331 10 240 10 236 4
4 733 10 728 10 722 10 738 10 725 10 747 10 753 1
5 8 10 17 10 12 10 14 10 15 10 19 10 34 10 28 10 13 2
6 655 10 653 10 667 10 672 10 657 10 643 10 640 10 664 10 625 10 649 10 607 10 647 10 654 10 675 10 630 10 671 10 642 10 610 10 646 10 626 10 658 10 656 10 663 10 637 10 605 10 615 10 619 10 669 10 588 10 606 10 639 10 651 10 659 10 631 10 660 10 616 5
7 753 8
8 647 10 654 10 675 10 758 10 741 10 719 10 691 10 714 10 717 10 730 10 696 10 723 10 630 10 686 10 737 10 752 10 671 10 718 10 727 10 739 10 642 10 751 10 759 10 762 10 763 10 760 10 610 10 646 10 678 10 796 10 731 10 724 10 764 10 684 10 729 10 773 10 754 10 626 10 658 10 656 10 769 10 710 10 735 10 663 10 766 10 804 10 779 10 687 10 637 10 704 10 750 10 605 10 742 10 692 8
9 706 10 708 10 699 10 709 10 703 10 705 10 733 10 712 10 700 10 713 10 728 10 707 10 711 10 722 10 721 10 738 10 715 10 725 7
10 992 5
11 711 7
12 633 10 635 10 623 10 650 10 643 10 640 10 621 10 625 9
13 588 10 586 10 594 10 578 10 580 10 590 10 585 10 591 10 576 10 579 10 587 10 583 10 571 10 592 10 577 10 572 10 584 10 570 10 561 10 589 10 559 4
14 981 23
15 796 10 804 10 825 10 816 10 824 10 860 4
16 697 10 693 10 706 10 679 10 688 10 708 10 699 10 682 6
17 248 10 322 10 244 10 282 10 305 10 292 10 297 10 307 10 257 10 339 10 289 10 309 10 223 10 323 10 251 10 331 10 240 10 236 10 284 10 268 10 324 10 344 10 250 10 276 10 249 10 285 10 287 8
18 697 10 674 10 693 10 706 10 679 10 688 10 666 10 633 10 708 10 699 10 682 10 709 10 703 10 661 10 676 10 673 10 681 10 652 10 705 10 733 10 670 10 690 10 712 10 635 1
19 697 10 674 10 693 10 679 10 688 10 666 10 682 10 709 10 703 10 661 10 676 10 673 10 681 10 652 10 705 10 670 10 690 10 712 10 635 10 623 10 700 10 694 10 650 10 655 10 713 10 653 10 728 10 707 10 667 10 672 10 657 10 643 10 680 10 640 10 711 10 621 10 722 10 664 10 721 10 738 10 685 10 698 7
20 825 10 816 10 824 10 860 10 820 10 835 10 833 10 821 10 836 10 827 10 814 10 879 6
21 652 10
22 647 10
23 657 10
24 721 10
25 690 10
26 650 10
27 588 10
28 305 10
29 698 10
30 649 10
31 685 10
32 667 10
33 63 10
34 625 10
35 555 10
36 725 10
37 694 10
38 673 10
39 672 10
40 292 10
41 607 10
42 715 10
43 63 10
44 282 10
45 655 10
46 747 10
47 607 10
48 55 10
49 621 10
50 244 10
51 248 10
52 489 10
53 666 10
54 89 10
55 707 10
56 680 10
57 681 10
58 676 10
59 63 10
60 685 10
61 3 10
62 248 10
63 753 10
64 674 10
65 17 10
66 713 10
67 661 10
68 649 10
69 694 10
70 293 10
71 257 10
72 8 10
73 293 10
74 720 10
75 55 10
76 695 10
77 278 10
78 720 10
79 680 10
80 747 10
81 720 10
82 103 10
83 531 10
84 698 10
85 34 10
86 653 10
87 322 10
88 664 10
89 506 10
90 695 10
91 715 10
92 278 10
93 633 10
94 670 10
95 700 10
96 623 10
97 244 10
98 695 10
99 654 10
100 17 10