30
1 75 2
2 85 6
3 59 3 62 6 68 9
4 63 1 65 7 66 6
5 93 1 92 2
6 93 6
7 97 2
8 3 10 4 10 11 3
9 59 7
10 94 1 71 5 98 8
11 56 10 61 10 60 10 54 10 70 7
12 68 1 69 10 57 4
13 92 4
14 94 2
15 90 10 57 6 64 10
16 93 3
17 91 10 71 5
18 98 2 96 10 99 10 95 10 18 1 76 10 51 10
19 19 9 74 10 79 10 18 9
20 92 2 94 7
21 85 4 88 10 83 10 89 10 86 10 29 3 84 10 73 10 19 1
22 75 8 52 2 55 10 77 10 58 10 78 7
23 87 10 72 1
24 65 3
25 97 2
26 97 2
27 66 4 67 10 62 4
28 72 9 70 3 52 8
29 82 10 78 3 53 10 27 10 29 7
30 63 9