3000
1 9439 243 8826 590 8850 600 9645 600 8866 600 9567 600 8918 600 9384 600 8899 600 9241 600 9012 343
2 8728 355 8783 26
3 9491 124 9133 600 9456 600 9096 472
4 8818 255
5 9334 474 8756 600 8875 286
6 9137 82 9437 600 9454 600 9651 600 9053 600 9422 200
7 9017 243 8923 121
8 8852 401
9 7459 600 6473 600 6957 600 5962 600 7505 600 7830 600 5360 590 6300 600 7253 600 6308 600 6590 600 6902 600 6241 437
10 9499 125 9148 418 8585 600 8650 600 9488 600 8926 236
11 8798 14
12 9151 174
13 7005 600 6664 590 6881 600 6386 590 6650 600 6384 600 6330 205
14 9272 243 9381 600 8997 301
15 9229 324 8948 116
16 8997 299 8477 98
17 8671 128
18 8563 468 8829 600 8846 600 8708 600 8842 433
19 6156 590 6651 600 6215 600 6392 600 6016 600 7065 600 6525 543
20 9693 600 9643 481
21 9526 18
22 5152 590 5146 600 5145 65
23 5677 600 7186 600 5740 600 5879 600 5903 600 6796 600 6928 600 5431 600 7060 242
24 9429 405
25 9220 415
26 5955 145 5893 600 5873 600 5913 600 6035 600 5767 152 5999 83
27 8461 600 8316 17
28 8612 275
29 6092 551 6093 600 6442 5 6143 600 6019 600 6056 143
30 8865 143 9115 600 8908 553
31 6153 439 6244 600 5894 600 5659 600 5759 50
32 123 590 143 600 109 600 138 600 141 600 243 590 150 600 244 600 222 600 133 600 236 600 6134 600 6929 173
33 8745 600 8849 600 8739 200
34 6787 600 6947 335
35 8472 205 8404 600 8442 600 8358 564 8346 600 8438 600 8449 390
36 8995 88
37 8860 254
38 7526 120 7621 391
39 9390 336
40 9622 193 9064 600 8937 600 9236 600 9120 600 9154 600 9107 89
41 9348 600 6805 600 8089 600 9035 600 5627 600 6400 600 6548 600 6091 600 8431 600 9795 600 6447 83
42 5679 590 5998 186
43 9417 600 8895 381 8537 97
44 6138 600 6624 600 6951 600 7299 600 6245 600 6745 600 6906 465
45 9755 125
46 8986 174 8892 408
47 8753 590 9424 600 6491 590 8562 600 5560 600 6619 191
48 9452 338
49 8249 590 8446 600 8522 600 6974 590 8481 600 6275 600 6739 600 8189 600 8463 401
50 8898 424 8798 586 9483 345
51 6551 600 9382 286 9281 240
52 6122 272 6141 600 6039 414
53 8707 357
54 8872 565 9202 327
55 8747 328
56 7153 459
57 5778 600 5979 600 5828 600 6272 532
58 8822 50
59 8912 452 8230 600 8450 600 8595 600 8229 600 9076 600 8345 565
60 8980 593 9307 600 9397 600 8898 176
61 6200 600 5841 481
62 2547 590 2099 600 2542 600 2380 349
63 5994 90
64 6110 421 6469 332 6360 600 6365 600 6445 600 6444 600 5826 534
65 9058 287 8709 129 9412 600 9371 138
66 6125 421
67 9157 388
68 9193 232
69 6125 103
70 5183 590 5176 590 5186 600 5170 600 5159 600 5137 600 5153 354
71 9100 171
72 9204 600 8810 600 8588 473
73 5831 600 5793 368
74 9846 105
75 9482 92
76 8493 309 8571 600 8557 600 8484 95
77 9030 590 8266 590 9393 600 8168 447
78 5811 232
79 8541 600 8436 590 8456 600 8427 600 8535 600 8327 600 8544 600 8283 485
80 8658 600 8690 495
81 8115 600 8552 600 8693 600 8353 600 8769 600 8598 600 8289 600 8586 381
82 9601 81
83 9262 589 9152 600 8883 39
84 7810 600 7862 600 7945 600 7582 600 7765 600 6594 590 6540 600 6709 80
85 8537 503 8508 79 8748 600 9149 600 9148 182
86 6292 469 5943 121
87 9311 7 9134 600 9270 600 9282 600 9346 509
88 5938 600 5996 600 6159 600 5925 600 6110 179
89 9237 477 8648 202 9177 33
90 9387 9
91 2407 590 2486 600 2069 600 2423 365
92 5761 600 6013 600 6062 235
93 9576 223
94 6025 106 5929 600 6092 49
95 9203 31
96 8995 293
97 9346 91 9425 600 8882 600 8696 93 9545 600 8525 600 9676 548 8698 600 9102 600 8472 395
98 9746 8
99 9727 600 9254 419 9378 600 8564 600 6872 91
100 9101 484
101 6107 267 6234 600 6115 600 6157 267
102 7635 400 7652 600 6317 590 6381 600 6645 600 6247 328
103 7891 590 5853 600 7288 600 9222 600 5899 600 6679 600 5970 600 8218 539
104 6529 180
105 9429 195 8699 600 9001 559
106 9043 184
107 8864 590 9215 600 5544 600 5749 600 6882 292
108 6301 533 6302 600 6322 166
109 9094 275
110 6255 13
111 9343 230 9312 181
112 333 590 328 25
113 9750 101
114 4265 146 4365 241
115 8270 600 5851 600 6463 600 6772 600 6067 600 6680 600 6338 591
116 5476 590 6084 600 6264 600 6354 600 7278 600 6863 600 6918 538
117 7621 209 7955 544
118 8877 543 8788 229
119 9870 44
120 9604 600 6917 600 9310 600 5408 600 6503 600 6576 600 8257 600 9614 600 5695 600 8399 600 8574 600 7769 600 5762 600 7360 62
121 8495 600 8351 80 8150 600 8470 600 8485 600 7849 600 8464 5
122 5782 579 6292 131
123 9005 339
124 5553 563 6051 176
125 2090 202 2366 600 2599 186 2529 558
126 8763 536 8913 600 8941 600 8736 600 8608 88
127 9284 590 6518 600 5807 600 8762 600 7449 600 8439 483
128 5977 375 6135 600 5741 600 5734 74
129 6377 590 5902 600 6414 600 6422 600 5822 295
130 9085 486 9294 600 9546 600 9288 600 9333 600 9357 600 8889 590 8793 590 8447 145
131 6505 8 6512 600 6526 600 6588 600 8926 364 9144 181
132 6158 311 5990 145
133 7905 600 8390 600 7588 600 9391 600 5403 600 8173 600 8637 600 8337 600 6515 600 7141 600 7992 600 9254 181
134 8646 600 8709 471
135 9415 9 9126 522 9171 600 9274 600 9269 557
136 9499 475
137 9466 600 9506 600 9533 125
138 5445 590 8205 600 7099 600 8022 600 7750 600 8062 600 5737 600 6252 600 7963 130
139 6096 590 6209 419
140 6688 590 8906 600 6239 600 7968 600 8621 600 8631 600 5742 600 5909 600 6924 311
141 6269 600 6253 81 6066 600 5878 600 6025 494
142 8129 600 7175 600 6480 600 6691 600 5479 600 6501 600 6726 600 6128 600 6399 600 8122 600 5728 230
143 9829 26
144 9601 64
145 9432 600 5933 600 5378 105
146 8701 402 9060 243 8955 165
147 8164 600 6024 590 6315 600 6168 102
148 9214 422 9043 303
149 9094 224
150 9001 41 9083 600 9457 408
151 6041 600 5745 78 5861 600 6255 587 5629 145
152 6272 68 6150 600 6238 600 6127 600 6107 333
153 8919 600 8972 600 8952 30
154 8871 600 8803 600 8786 600 8847 600 8746 600 9138 600 9029 600 9399 30
155 9418 600 9485 600 9461 600 8642 252 9246 600 8064 590 9099 600 8124 600 8592 600 8566 536
156 8702 590 8421 600 8532 600 8576 600 8350 590 9124 204
157 9087 152
158 7955 56 7026 541
159 5935 260 5649 600 5993 600 6063 600 5717 600 5763 600 5912 7
160 6343 518 6339 600 6361 600 6350 79
161 6185 600 6242 600 6347 395 6442 595
162 9253 133
163 8923 479 8920 318
164 8284 151
165 6770 600 7994 600 6038 600 6546 600 9069 600 6012 600 6256 600 6435 600 6485 600 8326 600 8425 600 9640 156
166 9701 237
167 9548 600 9455 582 8965 600 9265 600 9541 600 9285 600 9314 600 9324 600 8851 600 9497 600 9612 186
168 9281 360 8909 600 8665 600 9045 600 9272 357
169 9016 367 8801 600 8737 211
170 8690 105 9026 600 8778 600 8772 600 8677 477
171 8986 426
172 9277 103 9379 321
173 6481 600 6182 600 6416 286
174 5294 600 5329 600 5323 598
175 9431 65
176 6961 600 6666 600 7379 600 6734 555
177 9089 84
178 7271 590 8096 600 8518 600 5713 600 6553 600 7919 600 5716 600 5881 600 8147 600 5423 249
179 2567 592 2621 600 2599 414
180 5999 517 5859 600 5816 600 6157 333 6201 148
181 9453 600 9789 600 9738 600 8549 600 8964 600 8027 600 9672 600 8126 600 5545 600 5667 108
182 9211 600 9580 600 9260 600 9408 600 8345 35 8610 600 9250 600 8805 600 8415 600 8323 95
183 8929 63
184 8799 600 9757 600 5907 600 6854 600 8208 600 8838 600 7538 600 7884 600 8037 600 8102 600 9544 600 6259 212
185 6101 600 6122 328
186 5837 590 6246 34 5819 171
187 8784 600 6836 590 6373 600 6571 600 5671 600 6969 146
188 8766 600 8833 4
189 8741 600 8845 519
190 8620 214 8978 600 8758 600 8975 600 8398 600 8879 531
191 9701 363 9365 82 8966 600 8715 600 8912 148
192 8143 600 5443 599 5616 600 7731 435
193 8915 416 9024 600 9188 594
194 9164 600 8689 419
195 6116 600 6479 192 6301 67
196 8815 255 9066 600 8872 35
197 8556 600 8464 580
198 9252 600 9304 600 8916 346
199 8958 269 9038 17
200 8268 306 8417 600 9365 518
201 6074 430
202 7016 427 7349 600 6528 600 6673 600 6263 590 6363 600 6609 101
203 6460 600 5975 590 5922 600 8596 167 5890 600 5926 600 8877 57
204 8947 20 8928 192
205 9928 30
206 8737 389 8886 600 8754 600 8828 64
207 9449 339
208 9157 212 9182 258
209 7497 384 8070 482
210 9251 181 8845 81 8835 600 9169 226
211 8701 198
212 9312 419 9345 189
213 6207 600 6538 600 7643 600 8524 446
214 9051 320 9000 600 8767 110
215 9118 83
216 9190 145 8626 600 8207 590 8379 600 8811 152
217 8479 528 8493 291
218 5574 590 5699 600 5705 600 5663 600 5685 503
219 9009 331
220 9846 112
221 9177 126
222 9280 600 9131 600 9352 600 9366 600 8897 457 9092 600 9455 18
223 9457 192 8992 600 8822 419
224 6720 600 6727 600 6436 600 6605 600 6506 600 6550 600 6601 462
225 8892 192 9005 38
226 8976 11
227 9343 370
228 6890 590 5956 600 6967 600 6307 600 5577 600 6780 600 6391 600 7104 600 6713 600 7136 387
229 5892 70 5854 600 5774 600 5660 83
230 7199 590 6456 590 6712 600 7543 600 6829 600 6675 600 6586 600 6492 499
231 8875 314 8521 600 9036 600 8895 219
232 8957 590 9074 600 8492 600 5576 600 8030 411
233 9220 18
234 6165 600 6178 600 5692 112
235 8352 194 8351 520
236 8727 600 8813 600 8722 600 8730 600 8761 600 8785 349
237 7969 600 8726 600 6083 600 9360 600 9511 600 5567 600 7017 600 7488 600 8254 600 5347 600 5459 600 7455 600 9749 600 6565 50
238 6227 590 5787 600 5957 600 6184 392
239 6430 551 6415 600 6343 82
240 6136 88 6008 590 6151 600 6126 459
241 5788 244 5553 37
242 5981 548 6014 431
243 8880 93
244 8477 502 8554 409
245 8603 504 8620 386
246 8540 142 8800 600 8617 600 8605 600 8555 600 8705 600 9020 196
247 9482 167
248 9468 140
249 89 600 5748 600 6389 600 105 600 170 600 113 600 5638 600 6341 600 6592 600 6657 600 6656 154
250 8401 590 8395 600 8259 600 8418 600 6937 600 8176 600 6108 600 5945 600 6232 600 6704 453
251 9413 309 9449 19
252 5906 127 5986 600 5885 511
253 8777 26
254 5976 600 5810 590 5775 600 5836 600 5792 600 5591 590 5669 89
255 9755 103
256 8947 580
257 8874 600 8526 600 8834 211
258 9746 189
259 2840 600 2699 102
260 214 600 8443 590 6655 600 8184 600 9655 600 6011 600 8313 600 7000 600 9320 600 8506 600 9514 600 6114 600 9450 215
261 9050 235
262 8449 210 8455 600 8428 600 8684 600 8563 132
263 6566 49 8834 389 8742 600 8657 600 9126 78
264 8818 26
265 7733 590 6898 600 7155 600 8419 600 8925 600 8480 600 8515 600 6279 600 6587 600 6811 600 6843 600 9142 89
266 8674 600 8664 600 8836 105
267 9413 291
268 5099 600 5094 583
269 8830 600 8859 600 8938 267
270 8103 600 6615 327
271 9341 600 9104 600 8263 590 8914 600 9338 600 7957 280
272 8314 590 8645 600
273 9091 516 9105 399
274 6477 306
275 6085 600 6282 589 5865 209 5681 600 6186 93
276 5759 550 5946 600 5617 600 5745 522
277 9415 591
278 8777 159
279 9283 373
280 9266 154
281 8641 600 8653 8
282 9732 600 9528 590 9172 590 9279 600 6894 590 8010 600 8387 600 5930 600 6788 600 6291 168
283 2576 600 2567 8
284 2221 9
285 8955 435 9245 221 9091 84
286 9047 600 9101 11
287 9440 472
288 8566 64 8589 600 8933 600 8593 600 8796 600 8867 561
289 9189 398
290 8747 272 9105 39
291 8832 66 9301 600 9534 600 9372 600 9010 600 9022 600 9369 600 8570 590 9256 600 8587 600 9630 441
292 9054 445 5847 600 6188 600 8182 600 8429 468
293 6210 600 6294 600 6270 600 6202 600 6189 600 6277 600 6295 595
294 8527 600 8462 600 8448 600 8509 600 8422 600 6596 240
295 8479 72
296 8780 85 8861 600 8865 457
297 6470 441
298 9801 27
299 5815 480 5630 75
300 9507 600 9179 106 9008 600 8503 600 9479 600 9167 600 9311 593
301 7850 595
302 6502 273
303 9151 325
304 9628 68
305 6051 424 5796 556
306 9182 342 9203 229
307 8733 600 8950 591
308 9551 590 6806 600 5773 600 8647 600 9535 319
309 8468 590 8974 600 8183 600 8545 600 5880 590 6677 222
310 8752 600 8852 188
311 9422 400 9073 600 9116 600 9295 600 9464 600 9669 600 9207 600 9221 600 9490 600 9113 600 9071 600 9085 114
312 2650 600 2641 600 2699 301
313 5606 600 6517 600 8628 600 8935 600 8134 600 5658 600 8077 600 9117 600 5384 600 7797 600 8377 600 8627 600 9158 309
314 6087 590 6022 400
315 9278 590 9416 600 9042 600 9299 600 8904 600 8969 600 9037 600 7978 590 9313 600 8023 600 7333 54
316 6334 400 6329 600 6398 600 6333 600 6433 600 6347 205
317 9452 262 9173 600 8950 9 8894 600 8625 351
318 9533 475 9585 600 9648 600 9574 600 9315 600 9095 457 8951 600 8994 600 9119 453
319 8703 127 8868 600 8817 179
320 8447 455 8193 487
321 9129 403 9058 313
322 7850 5 7844 96
323 5525 590 5547 600 5529 600 5575 600 5513 600 5543 600 5585 600 5512 600 5519 155
324 7434 600 6869 142
325 8459 590 6839 600 7046 600 7312 600 5503 600 6762 600 8101 219
326 7732 600 5898 600 6826 600 6075 600 7003 600 7291 600 5441 600 6312 600 7703 600 6001 600 6487 281
327 8608 512 8732 600 9502 600 6168 498 5942 600 8915 184
328 9191 367 9217 154 9193 236
329 9630 9
330 8330 600 7777 600 5931 600 6278 337
331 2858 590 2883 208 2368 324
332 6694 590 6190 46
333 9268 576 8781 600 8856 600 8685 600 8743 600 8316 583 9061 600 8642 348
334 8611 590 8113 590 8437 600 8511 600 8604 600 8192 600 8329 600 8616 39
335 6296 600 6353 600 6225 72
336 5849 600 5855 600 5955 455
337 9283 204
338 5908 258 5935 340
339 8948 484 9212 600 8759 455
340 8836 495 8606 600 8716 226
341 5015 600 2883 392
342 9581 600 9430 450 8949 600 8681 127 9106 600 8284 449 9319 600 8656 600 9671 600 8268 294
343 5906 473
344 5885 89 6154 600 5974 337
345 6184 208 6133 600 6171 600 6342 180
346 6323 590 6580 600 6336 600 5882 600 5799 590 5724 600 6401 289
347 5772 590 5726 590 5892 530
348 9345 191
349 6073 600 5951 600 5876 600 6265 500 6153 161
350 9677 600 9474 600 9644 600 8660 590 8764 600 8973 600 9308 600 9635 600 9072 600 8910 600 9296 600 9660 239
351 8625 249 8560 600 9519 252
352 7823 485 8602 600 6488 600 7836 600 8305 432
353 9109 600 9306 600 8981 571 9166 600 8980 7
354 5793 232 5643 600 6010 600 5601 600 6322 434 5782 21
355 8648 398
356 6549 590 7058 600 6627 600 6166 590 6885 600 6520 600 5809 182
357 9659 600 9612 414 9185 600 9128 600 8785 251 8979 600 8991 600 9531 600 9439 357
358 8938 333 9016 233
359 8671 472 8869 600 8583 600 8891 62
360 9017 357
361 6362 83 6283 600 6367 600 6121 600 6246 566
362 8667 600 8855 600 8609 126
363 9330 461
364 9155 293 8559 600 8939 600 7917 600 6982 600 8763 64
365 9100 185
366 6287 600 6350 521 6334 200
367 5732 600 5731 600 5981 52
368 8867 39 9163 600 9233 573
369 4265 454
370 6211 600 6385 9
371 8597 467 8588 95
372 6158 289
373 5746 600 5674 590 5753 600 5583 600 5806 600 5992 600 5662 438
374 8783 525
375 2556 408 2336 327
376 9790 88
377 9375 600 9225 600 9339 600 8879 69 8787 600 9214 178
378 6297 600 6130 600 5912 593 5900 281
379 9330 139 8306 600 8458 240
380 6201 452 6061 600 6049 172
381 9217 446
382 7034 600 6498 590 7135 600 7323 600 6670 600 6635 600 6578 549
383 8860 346 8728 245
384 9526 21
385 5974 263 5835 600 6155 199
386 5889 19 5721 600 5672 600 5971 600 5865 391
387 9706 590 9578 79
388 9096 128 9183 600 8952 570 9421 600 9198 600 9178 600 9153 600 9160 478
389 8917 401 9033 470
390 271 178
391 8990 600 9385 600 8998 600 9332 600 9500 600 9556 600 9180 600 9137 518
392 6191 600 6225 528 6213 600 6282 11
393 9107 511 9599 600 8959 600 7686 600 8457 600 8837 600 5703 164 6771 600 8607 600 9583 600 9264 600 5887 419
394 6495 600 6490 600 6303 590 6313 600 6476 600 6162 590 6177 600 6410 600 6502 238
395 9773 441
396 9705 590 7006 590 9240 600 7809 600 8517 600 8235 600 5486 600 7462 600 8410 600 5496 600 9654 600 5420 83
397 9021 360 9123 600 9237 123
398 9634 600 5954 600 6547 600 6616 600 8110 600 9582 600 5783 600 6841 600 6865 409
399 4991 600 5006 600 4974 305
400 8597 133
401 8586 219 8361 600 8639 600 8681 473
402 5830 600 5625 590 5960 290
403 6402 600 7224 600 7181 600 5533 600 6747 600 7051 600 8120 600 7021 600 7165 600 8578 600 6443 600 8001 24
404 7474 105 7458 600 7316 600 6949 600 6176 590 6831 600 6281 146
405 9253 239
406 9390 91
407 8916 254 8934 600 9156 600 8678 345 9125 128
408 8840 600 8870 600 8903 600 8653 113
409 6039 186 6021 600 6034 600 6074 61
410 9038 583 8953 529
411 8668 600 8679 600 8695 600 8567 600 8661 600 8575 600 8704 600 8663 126
412 6344 388 6324 600 6340 600 6483 600 6261 600 6385 147
413 9289 590 8366 600 7479 600 9373 600 6274 600 6378 600 6751 600 6980 600 6532 600 8372 600 6383 600 8467 600 6474 383
414 9015 124
415 8920 282 9015 42
416 8976 502
417 9431 240
418 5780 29 5729 600 5924 600 5788 356
419 8677 123 8469 600 8749 600 8514 600 8765 600 8523 152
420 9188 6 8774 600 8841 600 8887 600 8603 96
421 8981 29
422 9321 220 9266 446 9230 600 8878 259 9430 150
423 5629 455 5639 600 5692 488 5918 600 5947 91
424 6709 520 7744 600 6412 600 6522 600 6224 600 6761 85
425 83 600 149 600 75 600 114 600 159 600 157 600 9057 219
426 6674 600 6736 600 6618 600 6810 600 6876 600 6914 600 6723 600 6441 590 6838 530
427 6136 512
428 9189 127
429 8928 408 8824 61
430 9033 130 9206 600 9255 600 9078 243
431 9277 497
432 8551 385 8807 600 8623 395
433 8288 590 8058 590 7943 600 7123 600 6603 600 7059 600 7735 600 8413 600 5473 188
434 9643 119 9617 600 9619 600 9233 27 9187 600 9007 600 9602 600 9512 600 8940 87
435 6393 600 6430 49
436 6204 133 6206 600 6273 600 6280 600 6265 100
437 418 600 426 600 463 590 489 590 432 600 439 600 440 6
438 8488 600 8499 600 8696 507
439 8331 590 8486 600 8640 600 8355 600 8409 90
440 6620 600 8198 600 5964 600 7077 600 6146 600 7823 115
441 6126 141 6139 600 6005 600 6258 600 5738 200
442 9089 516 8623 205 8755 600 9031 600 9200 600 9095 143
443 6803 600 8214 119
444 7824 600 7908 600 6793 151
445 9028 180 8917 199
446 9269 43 9065 600 8594 600 9334 126
447 5630 525 5911 600 6112 600 6204 467
448 9576 81
449 9468 276
450 5947 158
451 9387 195
452 9638 69
453 9970 11
454 9060 357
455 9392 600 9287 600 8788 371 8706 600 9155 307
456 9553 600 9248 600 9564 600 9477 600 9321 380
457 6247 272 7236 600 7502 600 6359 600 7053 600 6448 600 6642 166
458 5965 590 8253 600 6424 600 6455 600 7133 600 7983 600 6397 600 7204 600 6757 600 5995 600 6760 600 7196 569
459 8876 600 9048 350
460 7414 590 7406 590 7490 600 7125 600 7111 414
461 7134 69
462 9125 26
463 9750 25
464 8434 77
465 9638 157
466 9371 376
467 6079 600 8181 600 5632 600 6089 600 7860 600 9132 600 5891 600 6873 600 9442 600 8162 571
468 6625 600 6060 600 8278 600 5641 600 7216 600 7055 600 7246 600 9380 600 6552 600 8155 600 8819 233
469 8817 421 8833 585
470 9144 419 9322 600 9044 600 9034 600 9382 314
471 9399 570 9327 600 9409 600 9020 404 8687 600 9267 600 9088 600 8551 215
472 8400 216 8070 118 7585 600 7178 359
473 9169 374 8977 600 8797 315
474 5667 492 7054 600 7372 600 9139 265
475 8739 400 8883 186
476 5378 495 9376 600 9402 600 7477 320
477 5841 119 5811 368 5889 581
478 668 600 639 75
479 9928 69
480 5960 310 6049 428 6152 600 6078 600 5908 342
481 8260 600 7865 600 8167 600 8267 600 7717 600 8233 600 7633 600 8241 600 8252 600 6755 600 6375 119
482 8824 539 8880 204
483 9674 590 8078 600 7871 600 7257 600 7882 600 8369 600 9495 600 8927 600 9318 600 7804 357
484 2371 600 2172 600 2090 398
485 6208 590 6192 590 6222 600 6262 600 6145 590 6179 511
486 9628 128
487 5613 600 5874 600 6835 600 5573 600 6697 600 6453 600 6459 600 6632 600 7522 600 5934 600 7329 248
488 2221 591 2556 192
489 8729 600 7431 600 5829 600 5846 600 6044 600 6387 600 7012 600 7202 600 7989 600 7792 600 5603 600 6109 600 5972 251
490 9160 122 8612 236
491 9796 600 9108 600 9498 600 9162 600 9489 600 8151 600 9349 600 8130 600 8360 600 9361 600 9593 457
492 5901 600 5485 590 5549 600 5487 600 5493 599
493 8759 145 8794 600 8714 600 9179 494
494 77 600 76 600 6355 590 5599 600 5703 436
495 6366 590 6887 600 6233 256
496 5635 590 5751 600 5767 448
497 6533 153 6409 590 6519 600 6095 590 5985 590 6167 600 6346 419
498 7320 590 6499 600 7260 600 6783 600 6972 600 7087 600 6513 600 7094 468
499 9519 256
500 6056 226
501 9232 600 8967 600 8808 600 8613 600 9359 600 9229 276
502 9509 86
503 8615 600 8686 600 8682 178
504 8554 191 9428 600 9539 600 7178 241 8853 232
505 8908 47 9052 600 9112 600 9009 227
506 9084 171 9191 233
507 9462 600 9142 511 6147 600 8414 600 9411 600 6602 600 8724 600 9055 600 8302 600 9054 155
508 8424 600 8400 384
509 8307 600 9213 600 7597 600 8280 600 6097 600 7203 600 8692 600 6636 600 7692 24
510 8940 513 8911 600 9004 600 8757 600 8962 600 9062 600 9046 600 8924 600 8897 143
511 9298 600 8891 375
512 8484 505 8497 600 8508 521
513 9347 600 9273 600 9458 157
514 9025 330 9087 393
515 8609 474 8780 515
516 8397 590 8386 600 8471 600 8519 600 8655 600 8510 600 8403 600 8441 78
517 5780 571
518 9440 128 9379 79
519 8381 590 8383 600 8498 600 8411 600 8393 75
520 8489 600 8540 458
521 6057 590 5870 590 6496 600 6037 600 6510 600 5939 582
522 8922 211 8942 600 9050 306
523 9767 600 6682 600 8049 4
524 8430 600 8317 600 5702 590 5718 600 6654 600 7991 600 6428 600 6475 600 7605 600 8217 600 8018 600 6064 35
525 9586 600 9726 600 9642 600 9079 600 9406 600 9518 600 9049 600 9622 407
526 6416 314 5923 600 6260 600 6439 600 6018 600 6305 243
527 5900 319 5786 600 6181 600 6253 519
528 9226 445
529 5943 479 5858 600 5987 600 6081 600 5920 36
530 8523 347
531 9118 517 9103 600 8983 600 9025 270
532 9078 357 9075 600 9051 280
533 9245 379
534 9228 579 9251 419
535 9483 255 9491 476
536 7148 600 7016 173
537 5827 600 5670 590 5715 144
538 7526 480
539 8568 600 8140 600 8944 600 8216 600 7874 600 9257 600 5462 600 8697 600 5514 600 8125 452
540 7026 59 7153 141 6983 600 7497 216
541 8272 600 8264 214
542 6613 600 6583 600 6764 600 6859 600 6970 488
543 8767 446
544 2776 590 2244 313
545 7844 504 8239 600 8309 600 8352 406
546 59 600 101 600 74 600 128 590 5687 590 100 600 6205 600 107 39
547 5819 429 5655 600 6344 212
548 8797 285 8862 600 9021 240
549 9987 14
550 6477 294 6461 600 6471 600 6479 408
551 7134 114
552 6567 600 6183 590 6306 600 6094 590 6240 600 6523 600 6376 600 6545 600 6533 447
553 8953 71 9114 600 8922 389
554 8716 374 8776 188
555 6342 27
556 9202 273 8902 600 8958 331
557 2336 146
558 9262 11
559 9119 147 8984 600 8881 600 9081 600 8878 341
560 8776 412 8678 255
561 8240 600 8131 600 8149 600 8170 600 8061 600 8190 600 7971 600 8145 600 8258 600 6606 54
562 7285 600 7339 600 7452 600 7415 600 7474 495
563 9351 600 9129 197
564 5769 590 6998 600 6103 600 6325 600 6669 600 6229 600 6310 205
565 6364 600 6437 600 6426 600 6298 600 6326 600 6469 268
566 8264 386 8672 600 8600 600 8222 600 8482 600 8195 600 8344 600 8632 66
567 6032 197
568 8323 505 9300 600 9472 600 8454 600 8533 600 8343 600 9524 600 9268 24
569 9012 257 9563 600 9077 600 8782 590 9011 600 8760 600 8960 600 9501 600 8832 534
570 9196 600 9226 150
571 5864 600 5977 225
572 2738 600 2611 600 2810 600 2609 291
573 5796 44 5927 600 6023 600 6032 17
574 9084 429
575 5920 564 6028 600 6006 600 6040 600 6362 517
576 9048 250 9228 21
577 7264 590 8402 600 9297 600 5389 600 7234 268
578 8158 600 7966 600 7671 600 7751 600 8039 600 8358 36
579 9014 600 8543 600 8907 600 9127 600 8466 600 9056 600 8921 600 9364 600 8738 600 9190 455
580 8831 600 9510 600 8809 600 8804 600
581 8707 243 8703 473
582 7550 600 7583 600 7635 200
583 9509 102
584 9640 444 7068 600 9057 168
585 6828 590 7020 600 6190 554 5756 600 6219 421
586 6299 590 6220 590 6267 600 6451 442
587 8842 167 8770 600 8691 600 8821 600 8771 600 8792 600 8632 87
588 6155 137
589 9790 103
590 6186 507 5815 120
591 8853 368 8711 600 9323 600 9291 600 8596 433
592 9676 52
593 7767 600 7833 600 6449 600 7451 600 7988 600 5919 600 6997 600 7370 600 5896 600 6938 600 5633 373
594 6529 420 6539 600 6505 592
595 9991 1
596 6568 600 6566 551
597 8828 536 8968 600 9028 420
598 8971 600 8815 345
599 8720 600 8673 600 8396 590 8536 600 8255 600 8546 600 8885 600 8451 12
600 5720 590 5755 600 5685 97 5725 600 5664 191
601 6715 10
602 7143 10
603 6166 10
604 6194 10
605 5201 10
606 7189 10
607 8663 10
608 6984 10
609 5208 10
610 8250 10
611 7903 10
612 9018 10
613 5482 10
614 5602 10
615 5527 10
616 8035 10
617 458 10
618 9516 10
619 8929 10
620 2503 10
621 5771 10
622 255 10
623 5810 10
624 6349 10
625 440 10
626 223 10
627 2610 10
628 8113 10
629 8581 10
630 5205 10
631 245 10
632 5666 10
633 145 10
634 6731 10
635 9284 10
636 8214 10
637 5485 10
638 909 10
639 5644 10
640 7394 10
641 7240 10
642 2884 10
643 6549 10
644 5602 10
645 5803 10
646 6800 10
647 8024 10
648 6249 10
649 6058 10
650 4965 10
651 6561 10
652 6906 10
653 5730 10
654 7477 10
655 6047 10
656 6031 10
657 6172 10
658 5728 10
659 6888 10
660 6386 10
661 7292 10
662 6521 10
663 5600 10
664 2656 10
665 2528 10
666 5714 10
667 545 10
668 8106 10
669 6351 10
670 7512 10
671 9019 10
672 2124 10
673 6778 10
674 5056 10
675 6860 10
676 6761 10
677 9258 10
678 604 10
679 5642 10
680 4997 10
681 8125 10
682 20 10
683 2833 10
684 5821 10
685 8276 10
686 8133 10
687 8396 10
688 8931 10
689 5857 10
690 6509 10
691 2173 10
692 7240 10
693 6662 10
694 5377 10
695 9243 10
696 180 10
697 6974 10
698 8505 10
699 2529 10
700 8380 10
701 8683 10
702 6775 10
703 6355 10
704 2800 10
705 6793 10
706 5704 10
707 32 10
708 2091 10
709 9098 10
710 7476 10
711 6241 10
712 728 10
713 5657 10
714 6516 10
715 5175 10
716 7692 10
717 6098 10
718 81 10
719 8905 10
720 6318 10
721 2368 10
722 5596 10
723 8139 10
724 7018 10
725 6420 10
726 6558 10
727 88 10
728 5548 10
729 6565 10
730 348 10
731 7886 10
732 959 10
733 8048 10
734 8148 10
735 6677 10
736 68 10
737 6076 10
738 6348 10
739 5823 10
740 147 10
741 61 10
742 46 10
743 6124 10
744 2276 10
745 6973 10
746 5980 10
747 6842 10
748 5743 10
749 7998 10
750 6834 10
751 9146 10
752 5614 10
753 6368 10
754 5360 10
755 9235 10
756 5615 10
757 8243 10
758 8712 10
759 5887 10
760 7358 10
761 8888 10
762 6409 10
763 6076 10
764 38 10
765 2484 10
766 5452 10
767 9396 10
768 6752 10
769 8299 10
770 8666 10
771 5351 10
772 6429 10
773 8148 10
774 9124 10
775 5478 10
776 6782 10
777 7847 10
778 8071 10
779 5939 10
780 5072 10
781 6144 10
782 172 10
783 5678 10
784 167 10
785 986 10
786 7383 10
787 7866 10
788 5124 10
789 6358 10
790 7072 10
791 223 10
792 5420 10
793 5001 10
794 6756 10
795 7785 10
796 6584 10
797 7837 10
798 57 10
799 628 10
800 6250 10
801 6867 10
802 809 10
803 5833 10
804 8689 10
805 7837 10
806 6817 10
807 5084 10
808 7010 10
809 46 10
810 5476 10
811 653 10
812 6266 10
813 8371 10
814 6457 10
815 515 10
816 5571 10
817 9624 10
818 2632 10
819 5348 10
820 2339 10
821 6686 10
822 5558 10
823 5340 10
824 7126 10
825 6478 10
826 6321 10
827 2754 10
828 7266 10
829 7024 10
830 7450 10
831 6845 10
832 6589 10
833 5682 10
834 4987 10
835 6596 10
836 6779 10
837 6423 10
838 5940 10
839 242 10
840 5379 10
841 5915 10
842 130 10
843 5983 10
844 5539 10
845 9350 10
846 5183 10
847 6212 10
848 6237 10
849 6710 10
850 9478 10
851 8 10
852 6235 10
853 736 10
854 5582 10
855 6600 10
856 9329 10
857 6834 10
858 6688 10
859 18 10
860 6057 10
861 8443 10
862 7499 10
863 5967 10
864 278 10
865 9571 10
866 5704 10
867 5802 10
868 5803 10
869 5917 10
870 5397 10
871 5991 10
872 2439 10
873 6096 10
874 5869 10
875 7383 10
876 6372 10
877 2544 10
878 5821 10
879 5868 10
880 882 10
881 8434 10
882 8243 10
883 6595 10
884 6195 10
885 7896 10
886 8407 10
887 796 10
888 6769 10
889 7450 10
890 7160 10
891 8101 10
892 6573 10
893 7609 10
894 5416 10
895 7237 10
896 5540 10
897 659 10
898 5916 10
899 6266 10
900 5657 10
901 5932 10
902 5368 10
903 5175 10
904 8303 10
905 8162 10
906 6511 10
907 7542 10
908 5982 10
909 2476 10
910 2134 10
911 2481 10
912 6271 10
913 2407 10
914 553 10
915 5377 10
916 6003 10
917 90 10
918 9158 10
919 5683 10
920 8682 10
921 5628 10
922 7876 10
923 8391 10
924 5937 10
925 68 10
926 152 10
927 5758 10
928 6883 10
929 8292 10
930 9145 10
931 5368 10
932 6578 10
933 8066 10
934 1985 10
935 26 10
936 8985 10
937 5412 10
938 326 10
939 6827 10
940 5201 10
941 6254 10
942 5832 10
943 282 10
944 2452 10
945 5353 10
946 6345 10
947 8987 10
948 8064 10
949 5417 10
950 8058 10
951 5032 10
952 5194 10
953 5363 10
954 6132 10
955 6036 10
956 6662 10
957 6220 10
958 131 10
959 2372 10
960 711 10
961 5519 10
962 9329 10
963 5702 10
964 5202 10
965 5953 10
966 5410 10
967 8 10
968 415 10
969 5592 10
970 5886 10
971 6900 10
972 7177 10
973 6375 10
974 6781 10
975 6026 10
976 5442 10
977 2429 10
978 6626 10
979 6406 10
980 6737 10
981 6929 10
982 5067 10
983 6351 10
984 7609 10
985 18 10
986 5844 10
987 8401 10
988 778 10
989 532 10
990 6008 10
991 385 10
992 5228 10
993 5961 10
994 5664 10
995 6417 10
996 6243 10
997 5985 10
998 6855 10
999 8025 10
1000 9436 10
1001 30 10
1002 8988 10
1003 8014 10
1004 8826 10
1005 6311 10
1006 1012 10
1007 5179 10
1008 8292 10
1009 7159 10
1010 6786 10
1011 6458 10
1012 6487 10
1013 6423 10
1014 6119 10
1015 6489 10
1016 7115 10
1017 5656 10
1018 6750 10
1019 5478 10
1020 9146 10
1021 5605 10
1022 5607 10
1023 6055 10
1024 7877 10
1025 7903 10
1026 6161 10
1027 6730 10
1028 5196 10
1029 8680 10
1030 8221 10
1031 7047 10
1032 9487 10
1033 88 10
1034 7013 10
1035 6585 10
1036 6597 10
1037 2588 10
1038 6698 10
1039 9235 10
1040 5768 10
1041 9675 10
1042 7196 10
1043 7496 10
1044 2714 10
1045 8451 10
1046 4974 10
1047 8490 10
1048 6231 10
1049 6643 10
1050 90 10
1051 5698 10
1052 5153 10
1053 6024 10
1054 7337 10
1055 5539 10
1056 2474 10
1057 8773 10
1058 7921 10
1059 2134 10
1060 5151 10
1061 5990 10
1062 6857 10
1063 8219 10
1064 5988 10
1065 6984 10
1066 6572 10
1067 8662 10
1068 5223 10
1069 2782 10
1070 8577 10
1071 9441 10
1072 8712 10
1073 6452 10
1074 8823 10
1075 6535 10
1076 342 10
1077 247 10
1078 7265 10
1079 6337 10
1080 7360 10
1081 6249 10
1082 321 10
1083 5921 10
1084 9097 10
1085 180 10
1086 5857 10
1087 243 10
1088 1977 10
1089 829 10
1090 5712 10
1091 7282 10
1092 26 10
1093 764 10
1094 6569 10
1095 8119 10
1096 6331 10
1097 8238 10
1098 6511 10
1099 2151 10
1100 385 10
1101 6606 10
1102 7400 10
1103 5840 10
1104 6318 10
1105 2287 10
1106 8397 10
1107 103 10
1108 5044 10
1109 8049 10
1110 6692 10
1111 93 10
1112 7309 10
1113 2299 10
1114 5852 10
1115 6564 10
1116 6702 10
1117 95 10
1118 8408 10
1119 7346 10
1120 7591 10
1121 117 10
1122 66 10
1123 8354 10
1124 6909 10
1125 1977 10
1126 1976 10
1127 5662 10
1128 2449 10
1129 7075 10
1130 8194 10
1131 6599 10
1132 614 10
1133 8318 10
1134 7282 10
1135 458 10
1136 7616 10
1137 8373 10
1138 389 10
1139 131 10
1140 8429 10
1141 6507 10
1142 8473 10
1143 6441 10
1144 47 10
1145 5093 10
1146 7234 10
1147 2858 10
1148 23 10
1149 5634 10
1150 7060 10
1151 7247 10
1152 6738 10
1153 2151 10
1154 475 10
1155 5532 10
1156 1000 10
1157 8819 10
1158 6948 10
1159 4895 10
1160 9450 10
1161 2309 10
1162 2309 10
1163 5423 10
1164 6148 10
1165 7799 10
1166 6544 10
1167 6319 10
1168 6464 10
1169 872 10
1170 6703 10
1171 5594 10
1172 6572 10
1173 98 10
1174 5752 10
1175 5840 10
1176 6285 10
1177 7602 10
1178 5442 10
1179 8629 10
1180 6842 10
1181 6014 10
1182 7787 10
1183 6700 10
1184 5542 10
1185 7392 10
1186 7008 10
1187 9019 10
1188 6827 10
1189 5126 10
1190 7556 10
1191 7963 10
1192 6703 10
1193 2695 10
1194 5276 10
1195 5520 10
1196 8957 10
1197 6446 10
1198 252 10
1199 6491 10
1200 7326 10
1201 6665 10
1202 725 10
1203 80 10
1204 5610 10
1205 6046 10
1206 6731 10
1207 8896 10
1208 8119 10
1209 8753 10
1210 5607 10
1211 195 10
1212 6418 10
1213 9618 10
1214 8249 10
1215 7512 10
1216 6420 10
1217 8362 10
1218 6752 10
1219 6045 10
1220 6678 10
1221 463 10
1222 8011 10
1223 9523 10
1224 5845 10
1225 8136 10
1226 5592 10
1227 482 10
1228 8365 10
1229 5561 10
1230 6000 10
1231 7499 10
1232 84 10
1233 5686 10
1234 6516 10
1235 484 10
1236 6870 10
1237 8362 10
1238 8314 10
1239 8820 10
1240 8416 10
1241 5594 10
1242 6559 10
1243 5352 10
1244 482 10
1245 184 10
1246 6054 10
1247 7225 10
1248 2547 10
1249 449 10
1250 8308 10
1251 2039 10
1252 122 10
1253 8734 10
1254 8721 10
1255 5696 10
1256 2451 10
1257 6866 10
1258 2625 10
1259 7704 10
1260 8356 10
1261 6560 10
1262 8823 10
1263 5605 10
1264 7159 10
1265 8524 10
1266 2125 10
1267 8293 10
1268 8529 10
1269 6418 10
1270 9470 10
1271 5309 10
1272 4997 10
1273 6163 10
1274 2016 10
1275 8548 10
1276 2884 10
1277 5871 10
1278 6401 10
1279 8779 10
1280 5665 10
1281 195 10
1282 6816 10
1283 5998 10
1284 8011 10
1285 6598 10
1286 8601 10
1287 5989 10
1288 5832 10
1289 6581 10
1290 5637 10
1291 8066 10
1292 6438 10
1293 2757 10
1294 5445 10
1295 6808 10
1296 5589 10
1297 6317 10
1298 7300 10
1299 6285 10
1300 6394 10
1301 6685 10
1302 7599 10
1303 1109 10
1304 6562 10
1305 7352 10
1306 5868 10
1307 8629 10
1308 6251 10
1309 7599 10
1310 8109 10
1311 70 10
1312 5905 10
1313 8310 10
1314 216 10
1315 7084 10
1316 7918 10
1317 2414 10
1318 749 10
1319 5765 10
1320 122 10
1321 948 10
1322 421 10
1323 7022 10
1324 229 10
1325 5646 10
1326 7616 10
1327 6738 10
1328 71 10
1329 19 10
1330 8987 10
1331 349 10
1332 2528 10
1333 829 10
1334 99 10
1335 5961 10
1336 5450 10
1337 5595 10
1338 11 10
1339 6046 10
1340 5532 10
1341 9713 10
1342 5101 10
1343 5101 10
1344 103 10
1345 5440 10
1346 6293 10
1347 5798 10
1348 6504 10
1349 8570 10
1350 7376 10
1351 7808 10
1352 6259 10
1353 6509 10
1354 6599 10
1355 5286 10
1356 6352 10
1357 2459 10
1358 5682 10
1359 728 10
1360 9705 10
1361 6870 10
1362 6142 10
1363 8281 10
1364 5626 10
1365 955 10
1366 770 10
1367 6701 10
1368 6607 10
1369 7326 10
1370 2457 10
1371 7888 10
1372 5696 10
1373 6388 10
1374 968 10
1375 5983 10
1376 9682 10
1377 6977 10
1378 7811 10
1379 2353 10
1380 320 10
1381 2313 10
1382 9675 10
1383 6660 10
1384 8138 10
1385 5798 10
1386 6095 10
1387 5776 10
1388 8185 10
1389 8281 10
1390 6643 10
1391 6310 10
1392 2610 10
1393 9571 10
1394 8021 10
1395 5968 10
1396 8393 10
1397 723 10
1398 5621 10
1399 6947 10
1400 8009 10
1401 6113 10
1402 9150 10
1403 2936 10
1404 73 10
1405 7941 10
1406 8322 10
1407 9018 10
1408 6489 10
1409 5340 10
1410 7392 10
1411 2220 10
1412 5424 10
1413 6524 10
1414 2943 10
1415 7075 10
1416 8614 10
1417 8012 10
1418 7024 10
1419 8490 10
1420 2414 10
1421 6819 10
1422 117 10
1423 5845 10
1424 823 10
1425 8405 10
1426 7728 10
1427 2353 10
1428 6718 10
1429 8024 10
1430 6773 10
1431 9584 10
1432 5650 10
1433 6411 10
1434 7149 10
1435 6640 10
1436 2471 10
1437 8231 10
1438 2647 10
1439 8277 10
1440 2405 10
1441 6163 10
1442 5958 10
1443 873 10
1444 8157 10
1445 7811 10
1446 5374 10
1447 8644 10
1448 8350 10
1449 67 10
1450 684 10
1451 91 10
1452 5600 10
1453 2544 10
1454 282 10
1455 7052 10
1456 5019 10
1457 2352 10
1458 5966 10
1459 6543 10
1460 2684 10
1461 5991 10
1462 5301 10
1463 93 10
1464 7883 10
1465 5591 10
1466 559 10
1467 5679 10
1468 208 10
1469 6600 10
1470 5466 10
1471 8982 10
1472 968 10
1473 6462 10
1474 808 10
1475 929 10
1476 6754 10
1477 8381 10
1478 6175 10
1479 6007 10
1480 6591 10
1481 6589 10
1482 6808 10
1483 7563 10
1484 5468 10
1485 5452 10
1486 557 10
1487 6504 10
1488 5844 10
1489 7561 10
1490 6456 10
1491 1185 10
1492 7350 10
1493 8380 10
1494 8194 10
1495 8200 10
1496 5669 10
1497 164 10
1498 5973 10
1499 6036 10
1500 2633 10
1501 2891 10
1502 545 10
1503 7847 10
1504 6250 10
1505 6977 10
1506 6321 10
1507 8311 10
1508 6406 10
1509 8218 10
1510 8614 10
1511 6857 10
1512 6062 10
1513 6665 10
1514 6742 10
1515 6882 10
1516 7561 10
1517 8185 10
1518 6472 10
1519 877 10
1520 6352 10
1521 5151 10
1522 8318 10
1523 5179 10
1524 5494 10
1525 5374 10
1526 6413 10
1527 8157 10
1528 6943 10
1529 8622 10
1530 8440 10
1531 36 10
1532 6082 10
1533 7266 10
1534 6569 10
1535 5448 10
1536 5454 10
1537 869 10
1538 7388 10
1539 6629 10
1540 8982 10
1541 5733 10
1542 2352 10
1543 6484 10
1544 136 10
1545 7591 10
1546 22 10
1547 6099 10
1548 5813 10
1549 5129 10
1550 6257 10
1551 6893 10
1552 559 10
1553 6701 10
1554 5417 10
1555 9370 10
1556 5674 10
1557 8931 10
1558 449 10
1559 9165 10
1560 5352 10
1561 7047 10
1562 521 10
1563 8988 10
1564 8713 10
1565 2153 10
1566 6434 10
1567 5615 10
1568 8611 10
1569 2646 10
1570 2609 10
1571 399 10
1572 6371 10
1573 6735 10
1574 247 10
1575 8139 10
1576 2260 10
1577 9030 10
1578 9560 10
1579 8905 10
1580 2372 10
1581 5309 10
1582 948 10
1583 5988 10
1584 6927 10
1585 5727 10
1586 7593 10
1587 6867 10
1588 7556 10
1589 8238 10
1590 5781 10
1591 5621 10
1592 6164 10
1593 182 10
1594 5886 10
1595 85 10
1596 5726 10
1597 6438 10
1598 5145 10
1599 5095 10
1600 5687 10
1601 248 10
1602 9002 10
1603 5548 10
1604 6943 10
1605 6257 10
1606 9577 10
1607 6775 10
1608 5324 10
1609 2436 10
1610 2220 10
1611 92 10
1612 6717 10
1613 5561 10
1614 6396 10
1615 6838 10
1616 5884 10
1617 2164 10
1618 5837 10
1619 5084 10
1620 2335 10
1621 163 10
1622 392 10
1623 2302 10
1624 8408 10
1625 5656 10
1626 8133 10
1627 6648 10
1628 6030 10
1629 796 10
1630 6860 10
1631 171 10
1632 6692 10
1633 723 10
1634 2588 10
1635 7189 10
1636 5980 10
1637 8530 10
1638 8200 10
1639 7177 10
1640 8227 10
1641 8731 10
1642 7799 10
1643 7716 10
1644 7891 10
1645 6570 10
1646 877 10
1647 9150 10
1648 6311 10
1649 162 10
1650 2319 10
1651 5994 10
1652 9278 10
1653 2226 10
1654 5590 10
1655 523 10
1656 5234 10
1657 9560 10
1658 326 10
1659 8030 10
1660 6419 10
1661 2439 10
1662 7350 10
1663 5856 10
1664 8550 10
1665 6248 10
1666 6656 10
1667 5123 10
1668 665 10
1669 2684 10
1670 5645 10
1671 8031 10
1672 5494 10
1673 909 10
1674 2207 10
1675 6918 10
1676 2734 10
1677 7242 10
1678 719 10
1679 8136 10
1680 6454 10
1681 5176 10
1682 6714 10
1683 309 10
1684 5623 10
1685 8262 10
1686 8412 10
1687 9097 10
1688 7476 10
1689 5059 10
1690 6562 10
1691 8231 10
1692 194 10
1693 6498 10
1694 8436 10
1695 8026 10
1696 2449 10
1697 6169 10
1698 8999 10
1699 2452 10
1700 6411 10
1701 7358 10
1702 5032 10
1703 4987 10
1704 23 10
1705 7733 10
1706 9398 10
1707 8276 10
1708 6535 10
1709 2474 10
1710 8227 10
1711 12 10
1712 182 10
1713 652 10
1714 5850 10
1715 5984 10
1716 2416 10
1717 6577 10
1718 7311 10
1719 8020 10
1720 523 10
1721 5217 10
1722 8683 10
1723 5437 10
1724 7295 10
1725 823 10
1726 7400 10
1727 6470 10
1728 86 10
1729 764 10
1730 2388 10
1731 5880 10
1732 6284 10
1733 2478 10
1734 5559 10
1735 6290 10
1736 67 10
1737 9231 10
1738 6132 10
1739 5584 10
1740 8325 10
1741 8203 10
1742 7711 10
1743 9145 10
1744 8223 10
1745 6357 10
1746 6637 10
1747 6295 5 6419 5
1748 5712 10
1749 369 10
1750 2540 10
1751 265 10
1752 14 10
1753 6923 10
1754 2383 10
1755 86 10
1756 5839 10
1757 5523 10
1758 8888 10
1759 8035 10
1760 6786 10
1761 8985 10
1762 5665 10
1763 2310 10
1764 5491 10
1765 6534 10
1766 2164 10
1767 5059 10
1768 156 10
1769 739 10
1770 7986 10
1771 71 10
1772 7079 10
1773 163 10
1774 8662 10
1775 8790 10
1776 648 10
1777 5279 10
1778 6368 10
1779 6472 10
1780 8717 10
1781 8773 10
1782 7293 10
1783 6593 10
1784 2626 10
1785 5324 10
1786 5589 10
1787 873 10
1788 5966 10
1789 6564 10
1790 19 10
1791 8315 10
1792 478 10
1793 5424 10
1794 8734 10
1795 5700 10
1796 6945 10
1797 2073 10
1798 600 10
1799 6883 10
1800 7909 10
1801 5765 10
1802 85 10
1803 9528 10
1804 5351 10
1805 6872 10
1806 6953 10
1807 99 10
1808 5523 10
1809 2383 10
1810 194 10
1811 7242 10
1812 5276 10
1813 8310 10
1814 6080 10
1815 8325 10
1816 5525 10
1817 7704 10
1818 5852 10
1819 9613 10
1820 6432 10
1821 5520 10
1822 5953 10
1823 2335 10
1824 2265 10
1825 97 10
1826 6131 10
1827 5952 10
1828 5550 10
1829 6129 10
1830 6235 10
1831 6323 10
1832 6622 10
1833 5542 10
1834 8040 10
1835 123 10
1836 107 10
1837 7785 10
1838 5311 10
1839 504 10
1840 8286 10
1841 8354 10
1842 7986 10
1843 7013 10
1844 6233 10
1845 6043 10
1846 8364 10
1847 4965 10
1848 6497 10
1849 8224 10
1850 8814 10
1851 248 10
1852 7542 10
1853 6814 10
1854 5124 10
1855 6346 10
1856 5752 10
1857 8348 10
1858 9354 10
1859 7052 10
1860 6080 10
1861 5391 10
1862 635 10
1863 8473 10
1864 5249 10
1865 8731 10
1866 8283 10
1867 6404 10
1868 7817 10
1869 6769 10
1870 648 10
1871 6862 10
1872 6715 10
1873 2388 10
1874 6732 10
1875 5622 10
1876 6581 10
1877 6462 10
1878 5199 10
1879 628 10
1880 5223 10
1881 142 10
1882 2503 10
1883 6369 10
1884 5325 10
1885 6840 10
1886 8203 10
1887 6208 10
1888 725 10
1889 5818 10
1890 8420 10
1891 7978 10
1892 7731 10
1893 70 10
1894 6431 10
1895 389 10
1896 7602 10
1897 6903 10
1898 652 10
1899 701 10
1900 6707 10
1901 2039 10
1902 6271 10
1903 5516 10
1904 98 10
1905 8301 10
1906 6494 10
1907 6284 10
1908 478 10
1909 8206 10
1910 128 10
1911 5586 10
1912 8416 10
1913 2276 10
1914 8811 10
1915 7337 10
1916 6129 10
1917 2427 10
1918 7593 10
1919 5743 10
1920 8468 10
1921 204 10
1922 770 10
1923 5634 10
1924 2501 10
1925 6716 10
1926 882 10
1927 8001 10
1928 2471 10
1929 268 10
1930 7070 10
1931 6452 10
1932 376 10
1933 7072 10
1934 6331 10
1935 245 10
1936 9448 10
1937 5809 10
1938 6 10
1939 6945 10
1940 6855 10
1941 6948 10
1942 5203 10
1943 5856 10
1944 6254 10
1945 145 10
1946 484 10
1947 8305 10
1948 5937 10
1949 5972 10
1950 2633 10
1951 6198 10
1952 6228 10
1953 321 10
1954 8193 10
1955 8349 10
1956 629 10
1957 6090 10
1958 7107 10
1959 5790 10
1960 204 10
1961 9093 10
1962 6560 10
1963 6303 10
1964 504 10
1965 6729 10
1966 6721 10
1967 9478 10
1968 5883 10
1969 8844 10
1970 7941 10
1971 701 10
1972 1012 10
1973 9660 10
1974 8890 10
1975 9258 10
1976 5631 10
1977 5654 10
1978 5323 2 5318 8
1979 6380 10
1980 5635 10
1981 5367 10
1982 8550 10
1983 171 10
1984 7896 10
1985 5473 10
1986 6327 10
1987 164 10
1988 6828 10
1989 8507 10
1990 2800 10
1991 6865 10
1992 511 10
1993 5116 10
1994 5574 10
1995 2016 10
1996 6289 10
1997 7237 10
1998 8262 10
1999 9368 10
2000 6782 10
2001 6862 10
2002 8432 10
2003 6288 10
2004 24 10
2005 6162 10
2006 6278 10
2007 5312 10
2008 5776 10
2009 6451 10
2010 6935 10
2011 5680 10
2012 2626 10
2013 600 10
2014 5453 10
2015 2084 10
2016 5570 10
2017 8378 10
2018 8407 10
2019 5449 10
2020 643 10
2021 6924 10
2022 646 10
2023 6299 10
2024 66 10
2025 5516 10
2026 6082 10
2027 184 10
2028 9396 10
2029 5587 10
2030 263 10
2031 6497 10
2032 6595 10
2033 5848 10
2034 57 10
2035 6923 10
2036 6819 10
2037 581 10
2038 6281 10
2039 491 10
2040 2429 10
2041 6369 10
2042 7191 10
2043 132 10
2044 5652 10
2045 551 10
2046 6622 10
2047 7247 10
2048 2540 10
2049 200 10
2050 5959 10
2051 5217 10
2052 5587 10
2053 6030 10
2054 5646 10
2055 5614 10
2056 5670 10
2057 7225 10
2058 8290 10
2059 5967 10
2060 5626 10
2061 208 10
2062 5768 10
2063 65 10
2064 639 10
2065 5982 10
2066 5820 10
2067 5363 10
2068 412 10
2069 6058 10
2070 7808 10
2071 7161 10
2072 6894 10
2073 5727 10
2074 7107 10
2075 6700 10
2076 5093 10
2077 7876 10
2078 5771 10
2079 5318 10
2080 47 10
2081 5559 10
2082 5921 10
2083 56 10
2084 8373 10
2085 6447 10
2086 7883 10
2087 5228 10
2088 8622 10
2089 5437 10
2090 6054 10
2091 8356 10
2092 6482 10
2093 6467 10
2094 6597 10
2095 5968 10
2096 7300 10
2097 6291 10
2098 872 10
2099 5416 10
2100 5905 10
2101 9551 10
2102 7866 10
2103 6209 10
2104 8405 10
2105 9172 10
2106 5715 10
2107 2943 10
2108 6427 10
2109 151 10
2110 6045 10
2111 6370 10
2112 6718 10
2113 8364 10
2114 5839 10
2115 172 10
2116 7998 10
2117 2207 10
2118 5870 10
2119 7788 10
2120 2260 10
2121 255 10
2122 2478 10
2123 6537 10
2124 162 10
2125 6288 10
2126 5818 10
2127 8441 10
2128 8565 10
2129 5586 10
2130 7329 10
2131 5447 10
2132 2339 10
2133 5628 10
2134 8206 10
2135 8277 10
2136 4994 10
2137 6148 10
2138 5582 10
2139 491 10
2140 349 10
2141 320 10
2142 5936 10
2143 8542 10
2144 515 10
2145 5888 10
2146 15 10
2147 7886 10
2148 5860 10
2149 8223 10
2150 6180 10
2151 6427 10
2152 6554 10
2153 6610 10
2154 6601 10
2155 130 10
2156 2782 10
2157 6704 10
2158 5447 10
2159 7137 10
2160 6593 10
2161 309 10
2162 6684 10
2163 6494 10
2164 7787 10
2165 8271 10
2166 6970 10
2167 5279 10
2168 8439 10
2169 1985 10
2170 6332 10
2171 8009 10
2172 6370 10
2173 5648 10
2174 5203 10
2175 8616 10
2176 1000 10
2177 776 10
2178 6574 10
2179 6464 10
2180 7018 10
2181 6626 10
2182 5208 10
2183 521 10
2184 6111 10
2185 1968 10
2186 6338 9 5443 1
2187 8106 10
2188 6174 10
2189 7143 10
2190 6640 10
2191 561 10
2192 7292 10
2193 2398 10
2194 9243 10
2195 6290 10
2196 9657 10
2197 6765 10
2198 9471 10
2199 553 10
2200 9632 10
2201 5123 10
2202 8308 10
2203 156 10
2204 6610 10
2205 6530 10
2206 8782 10
2207 5454 10
2208 2647 10
2209 6446 10
2210 92 10
2211 2427 10
2212 56 10
2213 9487 10
2214 5965 10
2215 561 10
2216 7918 10
2217 711 10
2218 6544 10
2219 6349 10
2220 5734 10
2221 8048 10
2222 5570 10
2223 6458 10
2224 9470 10
2225 7888 10
2226 5493 1 5466 9
2227 6388 10
2228 7006 10
2229 14 10
2230 6031 10
2231 805 10
2232 629 10
2233 5556 10
2234 2625 10
2235 6631 10
2236 91 10
2237 5915 10
2238 5094 10
2239 6816 10
2240 5799 10
2241 635 10
2242 8367 10
2243 2656 10
2244 167 10
2245 6543 10
2246 8279 10
2247 5650 10
2248 6007 10
2249 5652 10
2250 1999 10
2251 9289 10
2252 9458 10
2253 11 10
2254 6649 10
2255 7295 10
2256 2459 10
2257 7022 10
2258 6176 10
2259 6800 10
2260 6164 10
2261 6065 10
2262 6608 10
2263 314 10
2264 552 10
2265 9618 10
2266 5521 10
2267 154 10
2268 1984 10
2269 6642 10
2270 6237 10
2271 8219 10
2272 5719 10
2273 6577 10
2274 6372 10
2275 6754 10
2276 6836 10
2277 6779 10
2278 6903 10
2279 5884 10
2280 5984 10
2281 5651 10
2282 7149 10
2283 6243 10
2284 5862 10
2285 5644 10
2286 39 10
2287 5622 10
2288 5285 10
2289 80 10
2290 8660 10
2291 5888 10
2292 5129 10
2293 5867 10
2294 6909 10
2295 8496 10
2296 6478 10
2297 6584 10
2298 6678 10
2299 8207 10
2300 5348 10
2301 7161 10
2302 8816 10
2303 2197 10
2304 8293 10
2305 7346 10
2306 6784 10
2307 45 10
2308 8896 10
2309 9773 10
2310 5482 10
2311 7293 10
2312 6064 10
2313 6594 10
2314 8793 10
2315 7921 10
2316 24 10
2317 7343 10
2318 8290 10
2319 6227 10
2320 5694 10
2321 5433 10
2322 6377 10
2323 2226 10
2324 102 10
2325 6145 10
2326 6607 10
2327 6609 10
2328 9471 10
2329 6172 10
2330 6732 10
2331 6156 10
2332 8271 10
2333 6390 10
2334 9208 10
2335 6192 10
2336 271 10
2337 557 10
2338 6869 10
2339 6579 10
2340 2833 10
2341 7070 10
2342 2288 10
2343 348 10
2344 6106 10
2345 8266 10
2346 5936 10
2347 8635 10
2348 6432 10
2349 9398 10
2350 5453 10
2351 489 10
2352 7094 10
2353 7265 10
2354 5500 10
2355 869 10
2356 8076 10
2357 6004 10
2358 6724 10
2359 5468 10
2360 6144 10
2361 5651 10
2362 7084 10
2363 6953 10
2364 6817 10
2365 967 10
2366 5199 10
2367 8565 10
2368 5234 10
2369 6621 10
2370 8322 10
2371 5527 10
2372 9465 10
2373 9370 10
2374 5440 10
2375 2695 10
2376 6454 10
2377 9354 10
2378 39 10
2379 8478 10
2380 1968 10
2381 5506 10
2382 8250 10
2383 45 10
2384 7343 10
2385 6390 10
2386 9593 10
2387 6714 10
2388 7025 10
2389 6702 10
2390 8109 10
2391 776 10
2392 6716 10
2393 8375 10
2394 805 10
2395 6198 10
2396 6124 10
2397 36 10
2398 5631 10
2399 8505 10
2400 6629 10
2401 6708 10
2402 8263 10
2403 152 10
2404 6725 10
2405 8107 10
2406 5353 10
2407 2344 10
2408 5883 10
2409 7191 10
2410 5597 10
2411 6814 10
2412 5904 10
2413 8299 10
2414 5450 10
2415 6556 10
2416 6574 10
2417 6492 10
2418 7309 10
2419 7320 10
2420 6558 10
2421 5680 10
2422 6337 10
2423 5120 10
2424 6658 10
2425 5481 10
2426 5660 10
2427 268 10
2428 6187 10
2429 2283 10
2430 6541 10
2431 6773 10
2432 6380 10
2433 6699 10
2434 6179 10
2435 6106 10
2436 5379 10
2437 5367 10
2438 6521 10
2439 6686 10
2440 6142 10
2441 2310 10
2442 25 10
2443 5571 10
2444 6348 10
2445 6730 10
2446 2073 10
2447 102 10
2448 9516 10
2449 376 10
2450 6781 10
2451 5813 10
2452 6174 10
2453 5678 10
2454 28 10
2455 5595 10
2456 6004 10
2457 8542 10
2458 8378 10
2459 84 10
2460 9670 10
2461 6765 10
2462 5597 10
2463 5714 10
2464 313 10
2465 7414 10
2466 5072 10
2467 8644 10
2468 7227 10
2469 151 10
2470 8590 10
2471 6111 10
2472 2197 10
2473 6113 10
2474 8331 10
2475 2344 10
2476 6608 10
2477 8890 10
2478 739 10
2479 8420 10
2480 1984 10
2481 8590 10
2482 5860 10
2483 2283 10
2484 9436 10
2485 5683 10
2486 5325 10
2487 6026 10
2488 9368 10
2489 8577 10
2490 2299 10
2491 5623 10
2492 7394 10
2493 8040 10
2494 8311 10
2495 5686 10
2496 665 10
2497 216 10
2498 8669 10
2499 136 10
2500 399 10
2501 8601 10
2502 313 10
2503 6160 10
2504 6514 10
2505 719 10
2506 5012 10
2507 179 10
2508 6623 10
2509 65 10
2510 5301 10
2511 6631 10
2512 6825 10
2513 6457 10
2514 6160 10
2515 9663 10
2516 8298 10
2517 8500 10
2518 415 10
2519 5952 10
2520 7333 10
2521 5989 10
2522 5449 10
2523 6327 10
2524 200 10
2525 6685 10
2526 9523 10
2527 6890 10
2528 8371 10
2529 551 10
2530 6845 10
2531 142 10
2532 8548 10
2533 6429 10
2534 8409 10
2535 6866 10
2536 4940 10
2537 6683 10
2538 8221 10
2539 6175 10
2540 7126 10
2541 5556 10
2542 5491 10
2543 6431 10
2544 6846 10
2545 8021 10
2546 7079 10
2547 6900 10
2548 5333 10
2549 5492 10
2550 8666 10
2551 8365 10
2552 8026 10
2553 6707 10
2554 2646 10
2555 8426 10
2556 5433 10
2557 5772 10
2558 6710 10
2559 5917 10
2560 7890 10
2561 8751 10
2562 2398 10
2563 6099 10
2564 6694 10
2565 6534 10
2566 5637 10
2567 5668 10
2568 8702 10
2569 6660 10
2570 6725 10
2571 8349 10
2572 9231 10
2573 2313 10
2574 6507 10
2575 5521 10
2576 7311 10
2577 6407 10
2578 7227 10
2579 2734 10
2580 808 10
2581 5823 10
2582 7137 10
2583 7406 10
2584 6407 10
2585 8496 10
2586 5720 10
2587 6784 10
2588 5286 10
2589 5781 10
2590 6027 10
2591 6541 10
2592 20 10
2593 2481 10
2594 5769 10
2595 6735 10
2596 6212 10
2597 6579 10
2598 6734 10
2599 1999 10
2600 8669 10
2601 132 10
2602 2891 10
2603 6637 10
2604 5550 10
2605 5850 10
2606 7264 10
2607 2451 10
2608 784 10
2609 2173 10
2610 5916 10
2611 2364 10
2612 646 10
2613 2287 10
2614 8889 10
2615 7909 10
2616 6003 10
2617 5596 10
2618 6981 10
2619 8007 10
2620 9208 10
2621 9657 10
2622 5505 10
2623 1109 10
2624 6065 10
2625 81 10
2626 6330 10
2627 4994 10
2628 6750 10
2629 9713 10
2630 32 10
2631 7160 10
2632 2359 10
2633 8530 10
2634 736 10
2635 8076 10
2636 8348 10
2637 5505 10
2638 5758 10
2639 2124 10
2640 8014 10
2641 5260 10
2642 6554 10
2643 7716 10
2644 8224 10
2645 778 10
2646 2457 10
2647 6619 10
2648 2125 10
2649 5492 10
2650 6404 10
2651 6969 10
2652 6591 10
2653 6484 10
2654 8303 10
2655 8107 10
2656 154 10
2657 6737 10
2658 9093 10
2659 2776 10
2660 412 10
2661 5515 10
2662 7388 10
2663 5940 10
2664 6525 10
2665 5719 10
2666 8315 10
2667 5120 10
2668 6100 10
2669 2632 10
2670 5802 10
2671 5790 10
2672 4895 10
2673 2380 10
2674 2714 10
2675 6729 10
2676 392 10
2677 362 10
2678 2688 10
2679 6556 10
2680 5700 10
2681 749 10
2682 2358 10
2683 8025 10
2684 6194 10
2685 511 10
2686 9578 10
2687 929 10
2688 9535 10
2689 6320 10
2690 6304 10
2691 6717 10
2692 8751 10
2693 5138 10
2694 6585 10
2695 5205 10
2696 7957 10
2697 5822 10
2698 5126 10
2699 6055 10
2700 7010 10
2701 6000 10
2702 6467 10
2703 8138 10
2704 8301 10
2705 5654 10
2706 6559 10
2707 5869 10
2708 6345 10
2709 8031 10
2710 2936 10
2711 6524 10
2712 6357 10
2713 5668 10
2714 2364 10
2715 5698 10
2716 6366 10
2717 242 10
2718 5067 10
2719 6652 10
2720 6724 10
2721 7008 10
2722 6434 10
2723 9350 10
2724 7376 10
2725 8458 10
2726 5833 10
2727 8391 10
2728 6293 10
2729 9165 10
2730 8999 10
2731 2423 10
2732 967 10
2733 8790 10
2734 5012 10
2735 2244 10
2736 28 10
2737 784 10
2738 7115 10
2739 8432 10
2740 8007 10
2741 6846 10
2742 6305 10
2743 532 10
2744 5666 10
2745 8440 10
2746 6888 10
2747 6094 10
2748 9448 10
2749 581 10
2750 6169 10
2751 6973 10
2752 6332 10
2753 278 10
2754 8279 10
2755 6371 10
2756 5260 10
2757 263 10
2758 6683 10
2759 9613 10
2760 5412 10
2761 8864 10
2762 5584 10
2763 6621 10
2764 8367 10
2765 2501 10
2766 7711 10
2767 5973 10
2768 5738 10
2769 6474 10
2770 5044 10
2771 9682 10
2772 5558 10
2773 4940 10
2774 6090 10
2775 2358 10
2776 265 10
2777 6561 10
2778 252 10
2779 5848 10
2780 6396 10
2781 6195 10
2782 6231 10
2783 6320 10
2784 475 10
2785 8463 10
2786 7025 10
2787 8713 10
2788 9584 10
2789 229 10
2790 6708 10
2791 6482 10
2792 12 10
2793 333 10
2794 5196 10
2795 5826 10
2796 6623 10
2797 9706 10
2798 6927 10
2799 5958 10
2800 342 10
2801 8635 10
2802 5311 10
2803 5871 10
2804 2288 10
2805 6514 10
2806 8779 10
2807 7877 10
2808 7496 10
2809 9674 10
2810 6358 10
2811 6219 10
2812 58 10
2813 5633 10
2814 6684 10
2815 5515 10
2816 5481 10
2817 6840 10
2818 6100 10
2819 5540 10
2820 2359 10
2821 7788 10
2822 6131 10
2823 9504 10
2824 6699 10
2825 1185 10
2826 314 10
2827 6027 10
2828 8459 10
2829 31 10
2830 8814 10
2831 6658 10
2832 9139 10
2833 6935 10
2834 5138 10
2835 179 10
2836 6263 10
2837 8580 10
2838 5625 10
2839 6098 10
2840 7381 10
2841 8500 10
2842 8721 10
2843 6756 10
2844 5056 10
2845 6286 10
2846 9098 10
2847 8816 10
2848 2153 10
2849 8426 10
2850 6161 10
2851 6652 10
2852 8507 10
2853 6537 10
2854 9002 10
2855 30 10
2856 6251 10
2857 466 10
2858 6698 10
2859 2405 10
2860 552 10
2861 6413 10
2862 9624 10
2863 6289 10
2864 5001 10
2865 6573 10
2866 6641 10
2867 15 10
2868 38 10
2869 6047 10
2870 8412 10
2871 7136 10
2872 6981 10
2873 7381 10
2874 8478 10
2875 2302 10
2876 6417 10
2877 955 10
2878 8659 10
2879 8717 10
2880 7949 10
2881 22 10
2882 5867 10
2883 6394 10
2884 2416 10
2885 6893 10
2886 9441 10
2887 6180 10
2888 6 10
2889 9632 10
2890 2688 10
2891 6119 10
2892 95 10
2893 466 10
2894 5932 10
2895 2265 10
2896 6742 10
2897 6598 10
2898 6646 10
2899 1976 10
2900 809 10
2901 5642 10
2902 8581 10
2903 9465 10
2904 8286 10
2905 986 10
2906 362 10
2907 5820 10
2908 2091 10
2909 6861 10
2910 6228 10
2911 684 10
2912 6304 10
2913 6022 10
2914 7817 10
2915 6570 10
2916 6248 10
2917 5506 10
2918 2754 10
2919 6641 10
2920 6319 10
2921 5959 10
2922 9670 10
2923 5730 10
2924 5862 10
2925 959 10
2926 8844 10
2927 5397 10
2928 7728 10
2929 5733 10
2930 5590 10
2931 97 10
2932 6646 10
2933 6183 10
2934 2757 10
2935 8820 10
2936 6187 10
2937 5904 10
2938 5975 10
2939 8580 10
2940 9663 10
2941 8659 10
2942 5645 10
2943 599 10
2944 9577 10
2945 6664 10
2946 5448 10
2947 6615 10
2948 7352 10
2949 58 10
2950 5500 10
2951 6721 10
2952 9504 10
2953 8375 10
2954 8529 10
2955 25 10
2956 2084 10
2957 8680 10
2958 8288 10
2959 8573 10
2960 659 10
2961 7111 10
2962 7199 10
2963 6530 10
2964 5610 10
2965 599 10
2966 73 10
2967 2484 10
2968 7563 10
2969 6861 10
2970 5648 10
2971 7890 10
2972 5694 10
2973 2476 10
2974 8020 10
2975 5285 10
2976 8168 10
2977 8071 10
2978 5572 10
2979 6286 10
2980 5152 10
2981 8012 10
2982 61 10
2983 5410 10
2984 2319 10
2985 7804 10
2986 2436 10
2987 6043 10
2988 7271 10
2989 6778 10
2990 6825 10
2991 6648 10
2992 5194 10
2993 8573 10
2994 6087 10
2995 6649 10
2996 8298 10
2997 5391 10
2998 147 10
2999 653 10
3000 5572 10