200
1 2973 50 2954 50 3003 50 2943 50 2876 50 2955 50 2881 50 2874 50 2970 50 2956 50 3103 22
2 4584 41 4346 50 4482 50 4564 50 4449 48
3 4419 50 4430 50 4453 50 4377 50 4417 31
4 4222 50 4452 50 4563 50 4355 50 4350 50 4323 50 4120 50 4255 50 4589 50 4398 50 4378 50 4469 50 3954 40 4315 50 4347 50 4542 50 4408 50 4334 50 4198 50 4161 50 4573 50 4070 50 4579 50 4194 50 4284 50 4529 50 4063 50 4358 50 4406 50 4310 50 4308 50 4365 50 4009 50 4436 50 4314 50 4380 50 3891 50 4342 50 4511 50 3403 49 3511 50 3505 50 3273 40 4351 50 3621 50 3672 12
5 3406 40 3331 50 3348 50 3402 50 3571 50 3172 50 3267 50 3328 50 3387 50 3218 50 3367 50 3192 50 3394 50 3205 50 3171 50 3284 50 3217 50 3401 50 3209 50 3243 50 3210 50 3808 50 3474 50 3557 50 3292 50 3390 50 3268 50 3506 50 2965 27 3134 50 3572 50 3733 50 3681 50 3067 50 3659 50 2945 50 3180 39
6 4338 50 4305 50 4335 50 4326 50 4293 50 4294 50 4228 32
7 2960 50 3085 50 2830 40 2997 50 3120 50 2936 50 2924 50 2853 50 3124 50 3071 50 2975 50 2935 50 2932 50 3016 50 3177 50 3111 50 2867 50 2930 50 3106 50 3076 50 2808 21
8 4228 18 4270 50 4240 50 4226 50 4268 48
9 4625 50 4641 50 4665 32
10 4576 50 4635 50 4465 48 4639 50 4512 50 4711 50 4570 50 4374 50 4593 29
11 4516 50 4553 50 4536 50 4557 36
12 4477 36 4614 50 4700 50 4751 50 4666 50 4634 50 4552 50 4659 50 4550 50 4587 50 4605 50 4678 50 4597 50 4626 50 4417 19 4580 50 4451 50 4440 50 4562 50 4539 50 4584 9
13 4800 33 4761 50 4775 50 4828 50 4812 50 4746 50 4772 50 4797 50 4778 50 4399 40 4699 50 3548 40 4212 50 4332 50 4833 50 3277 40 3867 50 4087 50 4613 50 4184 50 3143 50 3309 50 4333 50 4254 50 4506 50 3747 50 3696 50 3352 50 3190 50 3187 50 4360 50 3690 50 4457 50 4218 50 4225 50 4336 50 4443 50 3289 50 3151 50 3184 50 3240 50 3346 50 3165 50 4631 50 3380 50 3409 50 4650 50 4606 50 4172 50 4258 50 4187 50 4555 50 4188 50 4803 50 4219 50 4427 50 4387 50 3244 50 4163 50 4663 50 4622 50 4321 50 4492 50 4182 50 4327 50 3235 41
14 4449 2 4499 50 4423 50 4585 50 4439 50 4475 50 4401 40
15 4557 14 4454 50 4479 50 4519 50 4525 50 4508 50 4503 50 4572 32 4483 50 4609 33 4527 50 4537 33
16 1171 50 1107 50 1297 50 1364 50 1186 50 1282 50 1245 50 1221 50 1041 50 1193 50 1342 50 995 50 1163 50 1075 50 1326 50 1271 50 1115 50 1330 50 1287 43
17 4577 50 4574 50 4600 50 4572 18
18 2797 40 3133 50 2892 50 2902 50 3082 50 3080 50 2895 50 3084 50 2890 50 2737 50 2953 50 3169 50 2872 50 2862 50 3058 50 2914 50 3027 50 2977 50 3193 50 3196 50 2719 50 3203 50 3156 21
19 4152 50 4017 50 4183 50 4091 12
20 3127 50 2871 40 2878 50 3075 50 3142 50 2985 50 2974 50 3148 50 3014 50 3009 50 2959 50 2882 50 2854 50 2911 50 3046 50 3132 50 2941 50 2721 50 2980 50 2940 50 2905 50 3008 50 3182 50 3042 50 3135 50 3044 50 3017 50 3024 50 3039 50 3154 50 3213 50 2991 50 2894 50 3153 50 3056 50 2753 50 2886 50 3163 50 2999 50 3118 5
21 4537 17 4465 2
22 4725 50 4651 50 4629 50 4776 50 4777 50 4752 50 4677 50 4767 50 4467 22 4592 50 3283 40 4307 50 2749 40 4488 50 4304 50 4548 50 3043 50 4388 50 4632 50 3048 50 4481 50 2848 50 4340 50 2903 21
23 4593 21 4679 50 4395 50 4473 50 4518 50 4769 50 4528 50 4426 50 4397 50 4602 50 4595 50 4599 50 4620 50 4477 14
24 4318 50 4500 50 4362 50 4383 50 4295 50 4489 50 4369 50 4361 50 4442 50 4464 50 4311 50 4322 50 4357 50 4343 50 4300 50 4683 50 4286 50 4283 50 4413 50 4349 50 4281 50 4491 50 4538 50 4277 50 4324 50 4209 50 4505 50 4485 50 4271 50 4278 50 4205 50 4206 50 4242 50 4673 50 4251 50 4466 50 4501 50 4247 50 4704 50 4617 50 4403 50 4272 50 4249 50 4402 50 4234 50 4667 50 4260 50 4409 50 4747 50 2835 40 4213 50 3166 50 4773 50 2927 50 3479 50 4448 50 3355 50 3662 50 3985 50 3206 50 4048 50 4661 50 4337 50 3327 50 4541 50 4299 50 3011 50 3939 50 3533 50 3340 50 3396 50 3468 50 3563 50 3890 50 3253 50 4549 50 4698 50 2695 26
25 4164 50 4019 50 4134 50 3928 50 3860 50 3911 50 4128 50 4083 50 3982 50 3971 50 4148 50 4031 50 4104 50 4034 50 4018 50 4132 50 4081 50 3855 50 4129 50 4093 50 4166 50 4149 50 4168 50 4123 50 3750 50 2680 50 2865 50 3908 50 4142 50 3322 50 3266 50 2829 26
26 45 40 58 50 2715 50 2820 50 2849 50 2986 50 42 50 2920 50 2988 50 76 40 2946 50 3069 50 3130 50 2931 50 3057 50 2839 50 3061 50 2725 50 3022 50 2906 50 2798 50 3129 50 2723 50 2840 50 2827 50 3060 50 2672 50 3099 50 2801 50 3115 50 3126 50 2766 50 3034 50 3006 50 86 40 2987 50 2850 50 3119 50 3107 50 2772 50 3028 50 3054 50 3088 50 111 50 3002 50 3029 50 2957 50 85 50 3019 50 51 50 2722 50 3113 50 2965 23
27 1294 50 292 50 1462 50 1154 50 1201 50 287 50 1215 50 1420 50 1003 50 1231 50 1044 50 1094 50 1187 50 1273 50 1004 50 1147 50 1247 50 1327 50 1179 50 1170 50 1412 50 1234 50 1423 50 1389 50
28 3167 40 3116 50 2978 50 3214 50 3197 50 2814 21
29 4665 18 4697 50 4618 50 4609 17
30 3103 28 3104 50 2983 50 3078 50 3030 50 2962 50 2964 50 2883 50 2910 50 2891 50 3070 50 3164 50 2993 50 3020 50 2966 50 2858 50 3170 50 2787 50 2947 50 2982 50 2859 50 3140 50 2873 50 2852 30
31 365 50 395 50 339 50 459 50 397 50 544 50 340 50 327 50 378 50 359 50 344 50 475 10
32 4401 10 4433 50 4371 50 4608 50 4460 50 4298 50 4533 50 4325 50 4418 50 4478 50 4352 50 3648 50 4339 50 4421 50 4535 50 4487 50 3636 50 4598 50 4610 50 4468 50 4393 50 4389 50 4368 50 4668 50 4624 50 4741 50 4784 50 4680 15
33 4268 2 4474 50 4396 50 3926 40 4429 50 4540 50 4568 50 4267 50 4531 50 4292 50 4372 50 4431 50 4522 50 4513 50 4273 50 4042 50 4381 50 4534 50 4330 50 4507 50 4313 50 4296 50 4243 50 4458 50 4282 50 4144 50 4320 50 4445 50 4223 50 4547 50 4241 50 4432 50 4480 50 4302 50 4364 50 4444 50 4259 50 4051 50 4435 50 4463 50 4312 50 4390 50 4354 50 4227 50 4476 50 4450 50 4175 50 2781 50 4150 50 3310 50 4456 50 2938 9
34 2828 50 2992 50 2995 50 2823 50 3198 50 2795 40 2740 40 4410 26 3117 50 3091 50 3191 50 3089 50 3225 50 2971 50 3178 50 4567 50 3334 50 4543 50 3208 50 2868 50 2934 50 3094 50 2754 50 2802 50 2885 50 2915 50 4441 50 3239 50 4586 50 3077 50 2909 50 3397 50 4461 50 2800 50 4459 50 2833 50 2861 50 3066 50 4467 28
35 4594 50 4583 50 4714 50 4703 50 4788 50 4686 50 4642 50 4660 50 4612 50 4734 50 4800 17
36 3157 40 4204 50 4689 50 4486 50 4136 50 4049 50 4207 50 4189 50 4167 50 4545 50 4873 50 3249 50 3274 50 4329 50 4394 50 4805 50 3374 50 4138 50 3238 50 4238 50 4560 50 3311 50 4530 50 4438 50 4802 50 4420 41
37 3231 50 3261 50 3258 50 3281 50 3237 50 3223 50 3250 50 3265 50 4680 35 3518 50 3290 50 4422 50 4691 50 3220 50 4794 50 4717 50 4367 50 4551 50 4705 50 3491 50 4309 50 4410 24
38 2869 50 3123 50 2942 50 3160 50 3341 50 3251 50 2816 50 2933 50 3529 50 3098 50 3598 50 3136 50 3347 50 2948 50 3074 50 3146 50 2825 50 2741 40 2774 50 2767 50 2824 50 3131 50 3222 50 3125 50 2952 50 3256 50 2880 50 3139 50 2671 50 3021 50 2917 50 3031 50 3032 50 3262 50 3294 50 3179 50 3576 50 3023 50 3105 50 3279 50 3338 50 3200 50 3018 50 2994 50 3691 50 2857 50 2855 50 3248 50 3158 50 2729 50 2780 50 3588 50 2841 50 3181 50 3112 50 2879 50 2762 50 2790 26
39 3121 50 3101 50 3109 50 2765 50 2926 50 3343 50 2998 50 3194 50 2735 50 3145 50 3037 50 3050 50 2847 50 3276 50 2843 50 2864 50 3159 50 3342 50 2791 50 3162 50 3430 50 2900 50 3318 50 3183 50 3226 50 3234 50 3215 50 3001 50 2807 50 3245 50 2972 41
40 3362 50 3412 50 4005 50 3645 50 2785 50 3068 50 3260 50 2739 50 3472 50 2951 50 3398 50 3211 50 3392 50 3523 50 2811 50 2863 50 3465 50 3620 50 3052 50 132 40 3100 50 4276 50 3199 50 3411 50 2984 50 3344 50 3254 50 2759 50 3881 50 4143 50 3812 50 3055 50 4089 50 4115 50 2771 50 3102 50 3623 50 4000 50 4137 50 4280 50 3740 50 4285 50 3137 50 3580 50 4044 50 4074 50 4319 50 3714 50 3892 50 4317 50 2904 50 2908 50 3776 50 4066 50 3288 50 3941 50 3230 50 3665 50 3927 50 3097 50 3461 50 4100 50 3095 48
41 2732 10
42 3432 10
43 2903 10
44 3118 10
45 4200 10
46 4386 10
47 1068 10
48 4554 10
49 2813 10
50 3233 10
51 1406 10
52 4740 10
53 1172 10
54 4363 10
55 3549 10
56 2913 10
57 15 10
58 4122 10
59 2512 10
60 4819 10
61 3157 10
62 3063 10
63 4462 10
64 4730 10
65 3604 10
66 4386 10
67 168 10
68 4399 10
69 4404 10
70 2740 10
71 4692 10
72 2852 10
73 3848 10
74 2512 10
75 1172 10
76 3626 10
77 3423 10
78 2939 10
79 4554 10
80 2887 10
81 144 10
82 2741 10
83 3282 10
84 4200 10
85 2764 10
86 4684 10
87 3283 10
88 3954 10
89 3848 10
90 2871 10
91 251 10
92 168 10
93 4692 10
94 2913 10
95 3432 10
96 3059 10
97 2938 10
98 2830 10
99 3063 10
100 3549 10
101 2540 10
102 3423 10
103 1190 10
104 1057 10
105 2795 10
106 3167 10
107 2699 10
108 4091 10
109 3285 10
110 2695 10
111 4819 10
112 15 10
113 4684 10
114 4871 10
115 4462 10
116 4420 9 3271 1
117 2749 10
118 4264 10
119 4865 10
120 4571 10
121 3156 10
122 144 10
123 1280 10
124 2958 10
125 2808 10
126 4740 10
127 3926 10
128 4122 10
129 3180 10
130 4264 10
131 3235 9 3285 1
132 220 10
133 3672 10
134 4544 10
135 2732 10
136 3059 10
137 17 10
138 1287 7 1025 3
139 4603 10
140 2921 10
141 4379 10
142 3204 10
143 2764 10
144 2887 10
145 2813 10
146 2921 10
147 2790 10
148 3204 10
149 3277 10
150 31 10
151 3273 10
152 4871 10
153 4404 10
154 220 10
155 1057 10
156 20 10
157 86 10
158 3604 10
159 265 10
160 4544 10
161 4472 10
162 5 10
163 3548 10
164 2972 9 3403 1
165 3626 10
166 4865 10
167 1190 10
168 65 10
169 2814 10
170 3233 10
171 2958 10
172 2699 10
173 251 10
174 4730 10
175 3282 10
176 2939 10
177 2829 10
178 4379 10
179 4701 10
180 3271 10
181 1406 10
182 2555 10
183 1280 10
184 76 10
185 30 10
186 1025 10
187 2576 10
188 3406 10
189 4363 10
190 1068 10
191 65 10
192 4701 10
193 50 10
194 4571 10
195 132 10
196 2835 10
197 2797 10
198 30 10
199 45 10
200 17 10