100
1 278 50 293 47
2 804 46 824 34 860 50 805 10
3 489 40 339 40 289 50 309 4
4 733 50 728 11
5 8 50 17 32
6 653 50 667 50 672 50 657 50 643 50 640 50 664 50 625 5
7 753 8
8 720 40 747 50 753 42 647 50 654 50 675 50 758 50 741 50 719 50 691 50 714 50 717 6
9 706 50 708 50 699 50 709 27
10 992 5
11 711 7
12 633 50 635 29
13 588 40 586 50 594 50 578 50 580 14
14 981 23
15 796 50 804 4
16 697 50 693 26
17 244 50 282 50 305 50 292 50 297 50 307 18
18 674 50 693 24 679 50 688 50 666 50 682 7
19 682 43 709 23 703 50 661 50 676 50 673 50 681 50 652 50 705 50 670 1
20 825 50 816 50 824 16
21 623 10
22 717 10
23 680 10
24 722 10
25 700 10
26 650 10
27 588 10
28 257 10
29 738 10
30 715 10
31 721 10
32 707 10
33 103 10
34 698 10
35 555 10
36 715 10
37 655 10
38 712 10
39 707 10
40 339 10
41 621 10
42 685 10
43 63 10
44 257 10
45 655 10
46 695 10
47 607 10
48 55 10
49 621 10
50 506 10
51 322 10
52 489 10
53 690 10
54 89 10
55 728 10
56 711 10
57 712 10
58 690 10
59 63 10
60 721 10
61 3 10
62 307 10
63 720 10
64 670 10
65 17 10
66 713 10
67 650 10
68 698 10
69 694 10
70 322 10
71 145 10
72 12 10
73 89 10
74 725 10
75 55 10
76 625 10
77 248 10
78 725 10
79 680 10
80 695 10
81 607 10
82 103 10
83 531 10
84 738 10
85 34 10
86 713 10
87 531 10
88 722 10
89 503 10
90 649 10
91 685 10
92 293 3 248 7
93 635 10
94 700 10
95 694 10
96 623 10
97 506 10
98 649 10
99 730 10
100 14 10