200
1 8672
2 0
3 2296
4 1473
5 1050
6 7570
7 8884
8 5548
9 0
10 6081
11 7949
12 5130
13 1889
14 5694
15 5496
16 5370
17 1641
18 2048
19 8747
20 5421
21 4423
22 5682
23 5326
24 5261
25 949
26 2565
27 4854
28 3822
29 4329
30 4612
31 6069
32 4391
33 824
34 0
35 5496
36 5846
37 7269
38 3455
39 0
40 0
41 8674
42 2408
43 0
44 5498
45 5812
46 1265
47 869
48 5321
49 5849
50 2715
51 5695
52 0
53 4966
54 5494
55 1660
56 606
57 4257
58 7903
59 4431
60 1319
61 5603
62 8747
63 5323
64 5383
65 5156
66 4389
67 4112
68 5803
69 7090
70 0
71 5845
72 5373
73 5498
74 3389
75 4054
76 1114
77 917
78 5129
79 0
80 8740
81 888
82 3722
83 5803
84 7801
85 4807
86 4015
87 5699
88 5803
89 4759
90 2711
91 8630
92 912
93 0
94 1656
95 7402
96 929
97 2367
98 4496
99 3199
100 3117
101 5803
102 3447
103 2978
104 7423
105 2696
106 5496
107 4336
108 3227
109 5494
110 5544
111 5686
112 4206
113 5436
114 5677
115 4872
116 3192
117 1032
118 5326
119 5070
120 7949
121 7281
122 5495
123 3686
124 7929
125 4019
126 5498
127 5496
128 1703
129 2091
130 4034
131 5939
132 5492
133 5806
134 5920
135 0
136 1706
137 0
138 5441
139 7949
140 1050
141 1670
142 5070
143 7950
144 678
145 665
146 3811
147 5695
148 3646
149 1
150 8728
151 5633
152 7070
153 8657
154 2377
155 584
156 7781
157 3655
158 5964
159 7993
160 5134
161 4764
162 7713
163 5539
164 5370
165 7451
166 7604
167 8655
168 8719
169 2241
170 8701
171 8776
172 5496
173 5627
174 0
175 4287
176 5921
177 5695
178 5849
179 8653
180 781
181 4425
182 4295
183 1201
184 3737
185 3686
186 1146
187 540
188 894
189 5699
190 5565
191 899
192 8696
193 7494
194 4320
195 1028
196 7423
197 4099
198 6009
199 1789
200 5845