100
1 576
2 482
3 233
4 390
5 212
6 621
7 69
8 497
9 606
10 419
11 182
12 222
13 277
14 0
15 55
16 0
17 705
18 246
19 389
20 405
21 652
22 512
23 324
24 120
25 249
26 453
27 357
28 407
29 640
30 568
31 577
32 647
33 300
34 652
35 571
36 475
37 0
38 101
39 228
40 576
41 649
42 479
43 518
44 234
45 557
46 639
47 265
48 633
49 633
50 138
51 249
52 380
53 56
54 304
55 318
56 576
57 210
58 261
59 71
60 664
61 320
62 563
63 649
64 252
65 597
66 534
67 673
68 576
69 553
70 182
71 632
72 551
73 474
74 253
75 572
76 619
77 185
78 237
79 575
80 308
81 533
82 133
83 336
84 480
85 103
86 650
87 178
88 459
89 116
90 426
91 693
92 390
93 576
94 666
95 575
96 670
97 71
98 566
99 693
100 576