500
1 5617
2 3389
3 4111
4 4550
5 2796
6 5505
7 1028
8 2952
9 5115
10 5350
11 5583
12 4626
13 1482
14 3786
15 3118
16 5323
17 3330
18 5322
19 3959
20 8727
21 5815
22 5505
23 5308
24 4869
25 1730
26 5582
27 3336
28 5614
29 1227
30 936
31 6150
32 5276
33 5973
34 5809
35 2298
36 1141
37 3123
38 5582
39 2019
40 3104
41 5394
42 5307
43 5244
44 935
45 891
46 5815
47 1975
48 2395
49 5808
50 5276
51 5515
52 5614
53 3178
54 6092
55 5586
56 5625
57 5191
58 5512
59 5115
60 962
61 3273
62 5172
63 5809
64 2684
65 2455
66 3327
67 1292
68 6121
69 5622
70 5583
71 5491
72 5590
73 5813
74 5844
75 2355
76 5585
77 5475
78 5323
79 4464
80 5174
81 5
82 5145
83 5191
84 5826
85 5279
86 4253
87 4881
88 1005
89 5906
90 5809
91 3474
92 6135
93 2098
94 5815
95 4220
96 652
97 1004
98 5322
99 4540
100 2606
101 4511
102 5170
103 639
104 3296
105 5581
106 2169
107 5815
108 3729
109 4987
110 2114
111 5172
112 5137
113 4068
114 1434
115 0
116 539
117 1840
118 4092
119 5570
120 963
121 4670
122 5621
123 900
124 5614
125 8817
126 0
127 5622
128 5827
129 2695
130 2240
131 5589
132 5621
133 5589
134 1
135 3286
136 4643
137 5815
138 5
139 791
140 4
141 1032
142 5437
143 5830
144 639
145 1821
146 3333
147 2297
148 5466
149 2601
150 2103
151 5092
152 3402
153 635
154 4176
155 1923
156 6151
157 5614
158 1453
159 2630
160 3025
161 5625
162 550
163 5273
164 3488
165 4657
166 5815
167 2583
168 5166
169 2847
170 5503
171 5505
172 5818
173 5625
174 2434
175 3612
176 2206
177 0
178 5309
179 511
180 3049
181 1349
182 2390
183 8745
184 5767
185 5273
186 5299
187 935
188 5322
189 2948
190 1765
191 5539
192 5815
193 5539
194 4963
195 5322
196 0
197 4703
198 5308
199 6073
200 5367
201 3505
202 511
203 5629
204 2474
205 4142
206 1461
207 2524
208 0
209 1705
210 3
211 5585
212 5878
213 1570
214 5491
215 5815
216 5199
217 2364
218 2401
219 3
220 1056
221 2924
222 1100
223 3711
224 4797
225 5027
226 5198
227 2308
228 2293
229 2331
230 2271
231 5052
232 6121
233 5714
234 6106
235 3789
236 0
237 5015
238 1356
239 6141
240 4035
241 5113
242 2328
243 3266
244 0
245 5582
246 5343
247 5440
248 5849
249 4248
250 8735
251 5813
252 3181
253 4884
254 5873
255 5445
256 3891
257 2355
258 1261
259 618
260 4875
261 5582
262 6121
263 1
264 2877
265 877
266 1726
267 5625
268 2898
269 952
270 1008
271 5596
272 3658
273 5429
274 5847
275 3779
276 5449
277 5590
278 4807
279 2334
280 5476
281 1818
282 5416
283 4231
284 1478
285 2368
286 2890
287 5101
288 1051
289 4525
290 5625
291 3522
292 3459
293 0
294 3260
295 548
296 0
297 1
298 6073
299 5338
300 5583
301 3059
302 5582
303 5266
304 5807
305 5271
306 2342
307 5225
308 5539
309 5199
310 5275
311 5075
312 5435
313 5301
314 4279
315 5323
316 5813
317 5276
318 3534
319 5505
320 6121
321 5818
322 1160
323 2619
324 1264
325 4
326 5351
327 1
328 5806
329 1876
330 2124
331 5318
332 2
333 5477
334 5159
335 5185
336 3147
337 3349
338 5071
339 0
340 4148
341 5082
342 5436
343 3879
344 1671
345 5093
346 5512
347 3733
348 3797
349 4719
350 5244
351 5115
352 5512
353 1752
354 5505
355 6141
356 6078
357 627
358 5476
359 5244
360 5715
361 5309
362 5440
363 5
364 6150
365 5712
366 5622
367 5590
368 5201
369 1
370 5320
371 5476
372 2992
373 5268
374 5539
375 5445
376 5502
377 801
378 5471
379 3042
380 5810
381 1162
382 5401
383 2959
384 2917
385 5170
386 5815
387 5810
388 5407
389 0
390 5818
391 5316
392 1
393 5321
394 5485
395 5284
396 5277
397 919
398 0
399 3144
400 6093
401 3947
402 6125
403 2265
404 8730
405 5582
406 5815
407 4582
408 3861
409 5917
410 5447
411 3582
412 5815
413 3498
414 1041
415 1942
416 5585
417 2069
418 4931
419 2681
420 3401
421 5115
422 1785
423 1
424 5625
425 5854
426 5815
427 1073
428 5621
429 3778
430 5818
431 6073
432 5614
433 1146
434 5447
435 5582
436 738
437 3921
438 4514
439 5439
440 5273
441 688
442 5274
443 4219
444 5625
445 8732
446 2567
447 5582
448 5464
449 0
450 5830
451 4480
452 5582
453 5815
454 5093
455 2055
456 1496
457 5416
458 5276
459 5621
460 3242
461 5815
462 5951
463 4341
464 3227
465 2407
466 3536
467 3231
468 1722
469 4785
470 2913
471 1959
472 4840
473 0
474 3554
475 5614
476 5298
477 5416
478 869
479 5196
480 5625
481 5582
482 5273
483 5614
484 3549
485 5826
486 1832
487 5476
488 5537
489 1050
490 5468
491 1319
492 2090
493 5509
494 900
495 2271
496 0
497 5283
498 5248
499 5276
500 4924