80
1 278 50 293 47
2 804 46 824 34 805 50 787 10
3 292 35 489 50 297 49
4 722 27 738 34
5 8 50 17 32
6 637 50 605 50 615 50 619 50 669 50 606 50 639 50 651 5
7 753 8
8 624 40 636 50 613 50 807 50 579 50 853 50 644 50 858 50 920 50 819 50 848 48
9 699 46 703 50 700 50 707 31
10 992 5
11 783 7
12 633 50 635 29
13 586 38 594 50 578 50 580 50 590 16
14 981 23
15 796 50 804 4
16 679 22 688 50 699 4
17 293 3 248 50 322 50 244 50 282 50 305 50 292 15
18 725 46 695 50 720 50 747 50 675 35
19 753 42 675 15 758 50 741 50 719 50 691 50 714 50 717 50 730 50 696 10
20 825 50 816 50 824 16
21 626 18 658 50 656 29
22 983 44 911 47
23 992 36 911 3 946 12 994 4
24 696 40 723 50 686 50 737 32
25 962 30 946 1
26 607 11 647 50 654 50 630 50 642 50 610 50 646 50 626 2
27 666 10 682 50 661 50 676 50 673 1
28 728 25 722 23
29 680 13
30 632 14 879 50 881 50 770 50 638 50 774 50 701 20
31 992 9
32 701 30 740 50 648 14
33 951 5
34 983 6
35 697 50 674 50 693 50 679 15
36 680 13
37 769 19 710 50 735 7
38 666 40
39 981 24 946 37
40 651 45 659 50 631 50 660 50 616 50 629 49
41 591 11 792 50 576 50 634 50 951 45 938 50 785 50 976 50 826 50 842 50 612 50 598 50 628 50 624 10
42 988 50 822 30 813 50 939 1
43 981 3
44 640 50 621 14 664 50 625 50 649 50 607 39
45 783 15 784 50 627 28 617 50 632 36
46 648 36 791 50 839 50 601 50 716 50 771 50 757 50 590 34 840 50 683 50 913 50 585 50 591 39
47 749 9 748 50 776 50 734 50 614 50 765 50 768 50 645 50 772 50 622 50 780 33
48 650 1 655 50 653 50 707 19 667 50 672 50 657 50 643 50 680 15
49 506 39 532 50 297 1 307 50 257 50 503 50 339 50 289 37
50 962 20
51 726 15 775 50 745 50 689 50 787 40 820 26 702 50 835 5 756 50 743 50 736 50 833 50 821 50 629 1 749 41
52 733 50 712 50 713 50 728 10
53 763 27 760 50 678 50 731 50 724 50 764 28
54 737 18 752 50 671 50 718 50 727 50 739 50 751 50 759 50 762 50
55 848 2 587 50 849 50 850 50 595 50 822 20
56 735 43 663 50 766 3
57 764 22 684 50 729 50 773 50 754 50 626 30
58 559 50 555 50 531 50 557 50 506 11
59 706 50 708 19
60 588 50 586 12
61 17 18 12 50 5 24
62 766 47 779 50 687 27
63 763 23
64 708 31 709 50 705 50 728 15
65 860 42
66 650 34
67 34 50 28 19
68 656 21 769 31
69 623 50 621 36
70 679 13
71 223 39
72 662 35 597 50 611 50 814 50 803 50 778 50 777 50 783 28
73 55 50 63 50 48 50 89 24
74 820 24
75 836 50 810 50 780 17 827 50 746 50 665 50 809 50 608 50 677 50 744 50 609 50 668 50 662 15
76 680 9 711 50 721 50 738 16 685 50 698 50 715 50 725 4
77 673 49 681 50 652 50 670 50 690 50 635 21 694 50 650 15
78 3 50 5 26 7 50 14 50 6 50 641 50 627 22
79 687 23 704 50 750 50 742 50 692 50 767 50 761 50 732 50 726 35
80 860 8 835 45