500
1 9519 119 9510 200 9415 200 9274 200 9269 200 9334 200 9417 200 9499 200 8748 200 9149 200 9148 200 8585 180 8650 200 9488 200 9576 96 8926 200 9144 200 9322 200 9044 200 9034 200 9382 200 9281 200 8909 200 8665 200 6260 30 9045 200 6439 200 8070 200 9272 200 9381 200 8997 200 6018 151
2 8942 145 9050 200 8741 36
3 9440 200 5643 24 6010 200 9379 200 5601 200 6322 200 8728 200 5782 200 8783 200 9429 172
4 8928 36 8824 200 8880 19
5 8797 89 8862 200 9021 200 9123 200 9237 200 8648 200 9177 200 8667 71
6 6305 140 7585 200 6057 200 5663 200 5870 200 8477 200 8554 200 5685 200 6496 200 6037 200 6510 200 5725 200 5939 200 9428 142
7 8947 200 8928 164
8 8923 29 8920 200 9015 172
9 6377 13 5860 200 5902 200 6414 200 7850 200 6422 200 5570 200 7844 200 5822 200 6198 200 5886 200 6423 200 6351 200 6319 200 6111 200 6368 200 7005 200 6664 200 6881 200 6438 200 5424 200 6386 200 6043 200 6650 200 6384 200 6330 200 5648 200 6231 200 5448 200 6598 200 5628 200 5868 200 7285 200 6304 200 7339 200 5666 200 6720 200 6727 200 8150 200 6436 14
10 9009 87 9449 200 8849 200 9100 200 8739 200 9189 200 9262 200 9152 200 9431 200 9345 200 8883 200 8830 200 8859 200 8938 92
11 5660 14
12 9151 174
13 6333 160 6461 200 5929 189 6092 200 5827 190 6185 200 5556 180 6242 200 5670 200 5715 200 6433 200 6471 200 5772 200 5726 200 6093 200 5521 190 6347 200 6442 200 5892 200 5854 76
14 8886 164 8754 200 8828 200 8968 200 9028 200 8917 180
15 8699 133 5943 170 9001 137
16 8917 20 9033 200 9206 177
17 9048 109 9228 19
18 8840 100 8653 200 8646 200 8709 200 8674 200 8664 200 8836 200 8606 200 8716 200 6125 71 8776 200 5743 190 6136 200 6008 200 6364 140
19 5935 172 6334 200 5649 180 6297 200 5993 200 6063 200 6130 200 5717 200 5763 200 6329 200 5912 200 6477 200 5900 200 5786 200 6181 200 6398 200 6269 200 6253 200 6066 200 5878 200 6025 181
20 9412 200 9371 200 9252 200 9304 200 9452 200 9519 81
21 9526 18
22 5152 200 5146 200 5145 200 5138 190 5099 200 5094 200 5151 65
23 5468 11 6172 200 6982 200 6065 200 6027 200 5622 200 6055 200 6024 200 5482 200 5453 200 6315 200 6168 200 5942 200 6394 200 6331 200 5883 200 6090 200 5607 200 5936 200 6323 200 6580 200 5845 200 7148 200 6336 200 5882 200 7016 200 5799 31
24 8741 164 8876 200 9048 41
25 8995 19 9151 26 9220 200 9017 170
26 6073 180 6206 200 6273 200 6280 200 5951 200 5876 200 6265 200 6153 200 6244 200 5894 200 5659 200 5759 200 5946 200 6041 200
27 6014 38 6227 200 5787 200 5492 150 5957 29
28 9429 28 6292 180 8699 67
29 6255 25 6165 200 6178 200 6393 200 6430 200 5947 200 5979 200 6272 200 6150 200 6238 200 6415 200 6051 200 6127 200 6023 74
30 9283 89 8817 200 9047 200 9343 200 9101 200 8766 115 8833 200 9005 92
31 5835 119 5841 200 6039 114 6021 200 6034 200 6353 200 6191 200 5889 200 5721 168 5672 200 6074 200 6225 200 6085 88
32 8239 190 8309 200 6436 166 5818 200 6106 200 6605 200 6506 200 5416 200 7452 200 5832 200 6550 200 6601 200 6482 200 7415 200 6591 200 7474 200 7849 200 6144 200 6579 200 6494 200 6643 200 5833 200 6390 200 7458 200 8158 200 6299 200 6660 200 6220 200 5984 200 6267 200 122 170 7966 200 5781 200 5932 200 5644 200 6451 200 6649 200 7316 27
33 8701 200 8747 200 8752 200 8852 200 8815 200 8872 200 8902 200
34 5957 81 6184 200 5982 200 6133 200 6171 200 5574 54
35 6505 200 6246 200 5819 200 5655 200 6344 200 6158 200 6324 200 6340 200 5888 200 5558 200 5696 200 5990 200 6483 200 5679 200 5998 200 6261 200 6211 200 6385 159
36 8995 88
37 8922 199 8942 55
38 7526 200 7621 200 7955 111
39 9387 191 9509 108 9390 37
40 9428 58 9539 200 8853 170 8711 190 9323 200 9291 200 8596 200 9392 200 9287 200 8877 200 8788 200 8706 200 9155 200 8559 200 6310 145 8939 200 7917 200 5468 119
41 8778 122 9491 200 8772 200 8677 190 8422 150 8469 200 8749 200 8919 200 9133 200 9456 200 9096 200 8514 200 8972 200 9183 200 8952 200 8765 200 9421 200 9198 200 8523 200 9178 200 8495 200 9153 200 9160 200 8612 200 9232 200 8352 200 8967 200 8351 200 8808 200 8613 200 9359 200 9229 21
42 5729 32 5924 200 5788 200 5553 200 5796 144
43 9413 200 8667 129 8855 200 8609 200 8780 200 8597 149
44 5540 170 5864 200 5977 200 6135 200 7178 200 5741 200 5734 200 6460 200 5821 200 5975 200 5922 200 5890 200 5351 80 5654 200 5926 200 5769 200 6998 200 6103 200 6325 200 6669 200 6229 200 6310 15
45 9755 125
46 8880 181 8976 200 9017 30 8923 171
47 8763 30 8913 200 8941 200 8736 200 8608 200 8732 200 8915 200 9024 200 9188 200 8774 200 8841 200 8887 200 8603 200 8620 200 8978 200 9375 200 8758 141
48 9169 27 8977 200 8797 111
49 8164 160 8398 200 5799 149 5724 200 6401 200 7349 200 6131 200 6528 200 6673 200 6263 200 6363 200 5610 200 8462 200 5614 200 6609 200 8448 200 8509 200 8330 200 6030 200 6235 200 6411 200 6156 200 7777 200 6651 200 6215 200 6392 200 6016 72
50 5660 164 6056 200 8767 200 8810 200 5831 200 6116 200 5793 191
51 6529 200 8938 108 9016 200 8801 200 8737 200 9526 182 8886 36
52 6155 200 6200 200 6296 200 6101 200 6122 200 6141 200 6039 86
53 8777 200 8707 157
54 9015 28 8818 200 8986 200 8892 200 9217 65 9253 199
55 8707 43 8703 200 8766 85
56 7134 200 7955 89 7153 170
57 6085 112 6213 200 5971 200 6282 200 5865 200 5681 200 6186 200 5815 200 5630 200 5911 200 6112 200 6204 200 6073 20
58 9048 50
59 8870 200 8903 200 8916 200 8934 200 9156 200 9125 200 9173 200 8950 200 8894 200 8874 200 9126 200 9171 200 9065 200 8875 200 6588 119 8521 196 9036 200 8895 200 8537 200 5981 180 6014 122
60 9206 23 5854 124 9255 200 9078 200 5774 200 9075 200 6143 200 9051 200 6019 200 9000 200 9204 200 5660 22
61 5906 200 5986 200 5885 200 6154 200 5974 200 5835 81
62 2840 135 2599 200 2529 200 2383 200 2610 200 2335 200 2388 200 2528 200 2439 200 2151 200 2474 200 2299 4
63 5908 90
64 6035 49 5751 200 5767 200 5999 200 5859 200 5816 200 6157 200 6201 200 5830 200 6061 200 6339 200 6361 200 6350 200 5625 200 5960 200 6049 200 6152 200 6078 200 5600 200 5908 38
65 9228 181 9251 200 9468 200 8845 200 8835 200 9169 173
66 5927 153 6023 126 6032 142
67 9157 200 9182 188
68 9182 12 9084 200 9203 20
69 5796 56 5927 47
70 5175 190 5179 200 5183 200 5176 200 5151 135 2260 86 2359 200 2588 200 2276 200 2287 200 5186 200 5129 200 5124 200 2153 200 2407 200 2486 200 5126 200 2069 200 2641 200 2423 200 2481 123
71 9005 108 9060 63
72 8971 109 9066 200 9390 163 9202 200 9277 200 8958 200 9038 200 8953 200 9114 200 8922 1
73 5629 200 5639 200 5692 200 5918 200 5778 168
74 9928 105
75 9509 92
76 8479 200 8493 200 8571 200 8557 200 8484 200 8497 200 8560 200 8526 200 8521 4
77 9502 190 8758 39 8975 200 9225 200 9339 200 9601 200 9628 200 8879 200 8787 200 9214 200 9043 200 9109 198
78 5811 200 5721 32
79 8508 200 7026 150 5574 116 6342 200 6096 200 7153 30 5768 200 6209 200 8424 200 5699 200 6983 200 5454 180 5820 200 5705 200 7497 200 5917 200 5720 200 5994 200 6551 200 8400 200 5755 200 6481 200 6182 200 6416 200 5923 199
80 6479 199 6301 200 6302 200 8588 200 8860 200 5643 96
81 8678 200 8733 200 8625 200 8831 200 8809 200 8804 200 8834 200 8742 200 8657 200 6326 170 5856 200 8594 200 5733 200 6110 200 6469 200 6360 200 6365 200 8756 200 6445 200 6444 200 5826 200 5732 200 5731 200 6588 11
82 9638 81
83 9060 137 9226 200 8955 200 9245 200 9091 200 9105 200 8971 91
84 6364 50 5652 200 6151 200 6126 200 6437 200 6512 200 6139 200 5596 200 6005 200 6258 200 5738 200 6566 200 6526 200 6087 200 6022 200 6426 200 5938 200 6298 200 5996 200 5590 200 6159 200 5925 200 6326 20
85 8597 51 8861 200 9482 200 8865 200 9312 200 9115 200 8908 200 9052 200 8745 200 9112 200 9009 113
86 5778 32 5828 200 5780 200 5729 158
87 9001 63 9083 200 5858 120 9457 200 5987 200 6081 200 5920 200 8992 200 5506 180 8822 200 8671 200 8869 200 6028 153
88 6032 58 6107 200 5849 190 5855 200 5955 200 5635 180 5893 200 6287 200 6343 200 6234 200 6115 200 5873 200 5913 200 6035 151
89 9253 1 9193 200 9196 200 8868 200 9283 111
90 9387 9
91 2221 140 2556 190 2336 200 2576 200 2567 200 2371 200 2172 200 2090 200 2621 200 2650 200 2366 200 2840 25
92 6016 128 7065 200 6525 200 5505 200 5931 200 6278 200 6596 200 6377 107
93 9638 119 9576 104
94 5617 180 5745 200 5861 200 6255 175
95 9203 31
96 9094 200 8995 93
97 6028 27 8583 200 6568 200 6539 200 9298 200 6006 200 8891 200 9118 200 9103 200 8983 200 6040 200 6362 200 5602 200 5642 200 9025 200 6283 200 9087 200 9351 200 9129 200 6367 200 9058 200 5837 200 6121 200 8641 200 8840 100
98 9755 8
99 9306 92 8981 180 9166 200 8527 130 8980 200 9307 200 9397 200 8898 200 8798 200 9483 200 8658 200 8690 200 9026 108
100 9203 149 9191 200 9217 135
101 2452 10
102 5858 10
103 5664 10
104 5175 10
105 5643 10
106 6385 10
107 9026 10
108 6260 10
109 8778 10
110 5664 10
111 5957 10
112 668 10
113 9306 10
114 2452 10
115 2452 6 2260 4
116 6377 10
117 2452 10
118 5908 10
119 5908 10
120 6588 10
121 6125 10
122 2221 10
123 5943 10
124 5199 10
125 8527 10
126 9306 10
127 5957 10
128 2299 10
129 5957 10
130 5351 10
131 122 10
132 6305 10
133 9306 10
134 6125 10
135 9229 10
136 2299 10
137 5957 10
138 5351 10
139 6260 10
140 6014 10
141 5957 10
142 5351 10
143 5664 10
144 8763 10
145 2260 10
146 6125 10
147 2452 10
148 5521 10
149 5908 10
150 2452 10
151 6310 10
152 2260 10
153 770 10
154 5664 10
155 8763 10
156 929 10
157 5908 10
158 2452 10
159 6588 10
160 5492 10
161 5908 10
162 668 10
163 6125 10
164 9026 10
165 6385 10
166 2452 10
167 216 10
168 2299 10
169 8981 10
170 9306 10
171 2299 10
172 5664 10
173 8778 10
174 216 10
175 668 10
176 58 10
177 2299 10
178 8422 10
179 482 10
180 5506 10
181 9109 2 9306 8
182 2260 10
183 6260 10
184 5649 10
185 668 10
186 5943 10
187 6377 10
188 5351 10
189 8763 10
190 5957 10
191 6028 10
192 216 10
193 6310 10
194 8164 10
195 8239 10
196 5643 10
197 5540 10
198 8763 10
199 5351 10
200 8585 10
201 5858 10
202 5664 10
203 5468 10
204 2299 10
205 8527 10
206 8763 10
207 9306 10
208 5468 10
209 5311 10
210 2452 10
211 2221 10
212 2452 10
213 2452 10
214 8763 10
215 5643 10
216 9306 10
217 8778 10
218 5351 10
219 5540 10
220 6 10
221 5858 10
222 8527 10
223 5664 10
224 5635 10
225 2556 10
226 5351 10
227 770 10
228 9026 2 8778 8
229 6377 10
230 668 10
231 5729 10
232 9229 10
233 6326 10
234 6260 10
235 7026 10
236 5858 10
237 6014 10
238 5635 10
239 8853 10
240 6588 10
241 2452 10
242 5664 10
243 6377 10
244 5643 10
245 6125 10
246 9229 10
247 8778 10
248 770 10
249 5223 10
250 8778 10
251 5664 10
252 9229 10
253 5574 10
254 2840 10
255 8763 10
256 8763 10
257 6018 10
258 5454 10
259 5743 10
260 2260 10
261 5203 10
262 5492 10
263 8763 10
264 6260 10
265 5858 10
266 2299 10
267 7026 10
268 6125 10
269 6364 10
270 6333 10
271 6588 10
272 2221 10
273 5981 10
274 6125 10
275 2299 10
276 9229 10
277 415 10
278 156 10
279 6025 9 5929 1
280 5664 10
281 2299 6 2452 4
282 6377 10
283 6260 10
284 5540 10
285 5556 10
286 5223 10
287 5664 10
288 8527 10
289 6310 10
290 5617 10
291 2221 10
292 2221 10
293 6333 10
294 6260 10
295 6436 10
296 6260 10
297 8527 10
298 5492 10
299 2260 10
300 5664 10
301 8758 10
302 5468 10
303 6260 10
304 6018 10
305 7026 10
306 8981 10
307 482 10
308 5827 10
309 2840 10
310 6310 10
311 5935 10
312 6385 1 6125 9
313 6377 10
314 9026 10
315 2452 10
316 8763 10
317 5858 10
318 8763 10
319 8164 10
320 6436 10
321 5643 10
322 6125 10
323 770 10
324 5468 10
325 5664 10
326 5351 10
327 415 10
328 5929 10
329 2452 10
330 5492 10
331 2260 10
332 5351 10
333 5574 10
334 8763 10
335 2299 10
336 6305 10
337 8853 10
338 8422 10
339 5664 10
340 2299 10
341 122 10
342 6260 10
343 8778 10
344 6025 10
345 6385 10
346 2299 10
347 2452 10
348 6377 10
349 5957 10
350 8585 10
351 5276 10
352 6292 10
353 216 10
354 2452 10
355 8763 10
356 9229 10
357 6385 10
358 5799 10
359 2260 10
360 2260 10
361 8164 10
362 6588 10
363 9502 10
364 5664 10
365 6014 10
366 5957 10
367 2452 10
368 156 10
369 6260 10
370 9026 10
371 929 10
372 770 10
373 2299 10
374 5468 10
375 2260 10
376 5556 10
377 9306 10
378 482 10
379 6260 10
380 8853 10
381 5492 10
382 2452 10
383 2452 10
384 9306 10
385 6333 10
386 58 10
387 6014 10
388 2260 10
389 5664 10
390 5858 10
391 2299 10
392 5468 10
393 5908 10
394 216 10
395 9026 10
396 415 10
397 5643 10
398 5617 10
399 9306 10
400 6588 10
401 2299 10
402 6260 10
403 8677 10
404 2299 10
405 5351 10
406 5935 10
407 5664 10
408 6305 10
409 5223 10
410 9026 10
411 6333 10
412 5849 10
413 9026 10
414 5340 10
415 6018 10
416 6260 10
417 2299 10
418 5643 10
419 5649 10
420 8527 10
421 2221 10
422 5664 10
423 482 10
424 5923 1 6018 9
425 2260 10
426 6260 10
427 5793 9 6479 1
428 282 10
429 6028 10
430 6260 10
431 482 10
432 5981 10
433 7026 10
434 8763 10
435 482 10
436 6305 10
437 282 10
438 5943 10
439 32 10
440 8763 10
441 6305 10
442 8778 10
443 5351 10
444 482 10
445 6125 10
446 8527 10
447 5858 10
448 5454 10
449 5643 10
450 2840 10
451 8763 10
452 6377 10
453 5138 10
454 5468 10
455 6125 10
456 5351 10
457 515 10
458 6260 10
459 5664 10
460 668 10
461 5203 10
462 8758 10
463 9026 10
464 8164 10
465 6588 10
466 5574 10
467 6018 10
468 2299 10
469 2299 10
470 5664 10
471 8422 10
472 156 10
473 8422 10
474 415 10
475 5908 10
476 6125 10
477 58 10
478 5799 10
479 6305 10
480 122 10
481 7026 10
482 216 10
483 5957 10
484 8422 10
485 6292 10
486 282 10
487 6125 10
488 8948 10
489 5506 10
490 515 10
491 8763 10
492 5908 2 5935 8
493 2840 10
494 58 10
495 9306 10
496 9026 10
497 32 10
498 2299 10
499 2452 10
500 8711 10